2025-10-03 21:49:39,980 - __main__ - INFO - info:70 - Loaded model from models/ema_trap_balanced_ml.pkl
2025-10-03 21:49:39,981 - __main__ - INFO - info:70 - Loaded 51 features from metadata
2025-10-03 21:49:39,981 - __main__ - INFO - info:70 - Using confidence threshold: 0.7
2025-10-03 21:49:39,981 - __main__ - INFO - info:70 - Using ATR-based stop loss: 1.5x ATR
2025-10-03 21:49:39,982 - __main__ - INFO - info:70 - Minimum ADX: 25
2025-10-03 21:49:39,982 - __main__ - INFO - info:70 - Loading test data from testing data/reliance_data_5min_full_year_testing.csv
2025-10-03 21:49:40,045 - __main__ - INFO - info:70 - Loaded 4596 candles from 2024-01-01 09:15:00+05:30 to 2024-03-28 15:25:00+05:30
2025-10-03 21:49:40,701 - __main__ - INFO - info:70 - Created 51 features
2025-10-03 21:49:40,708 - __main__ - INFO - info:70 - After preprocessing: 4568 candles ready for backtesting
2025-10-03 21:49:41,234 - __main__ - INFO - info:70 - Generated 487 signals after filtering (from 1548 high-confidence predictions)
2025-10-03 21:49:41,235 - __main__ - INFO - info:70 - Starting trade simulation with improved logic...
2025-10-03 21:49:41,241 - __main__ - INFO - info:70 - ENTRY: 2024-01-02 09:35:00+05:30 @ 1302.85 | SL: 1298.84 (-0.31%) | Target: 1309.36 | ADX: 35.1 | Conf: 0.867
2025-10-03 21:49:41,245 - __main__ - INFO - info:70 - ENTRY: 2024-01-02 11:05:00+05:30 @ 1290.15 | SL: 1286.06 (-0.32%) | Target: 1296.60 | ADX: 30.0 | Conf: 0.743
2025-10-03 21:49:41,253 - __main__ - INFO - info:70 - ENTRY: 2024-01-03 09:35:00+05:30 @ 1307.55 | SL: 1302.43 (-0.39%) | Target: 1314.09 | ADX: 56.7 | Conf: 0.710
2025-10-03 21:49:41,296 - __main__ - INFO - info:70 - ENTRY: 2024-01-10 09:35:00+05:30 @ 1293.30 | SL: 1289.44 (-0.30%) | Target: 1299.77 | ADX: 38.9 | Conf: 0.705
2025-10-03 21:49:41,305 - __main__ - INFO - info:70 - ENTRY: 2024-01-11 09:35:00+05:30 @ 1343.40 | SL: 1337.38 (-0.45%) | Target: 1350.12 | ADX: 64.1 | Conf: 0.934
2025-10-03 21:49:41,310 - __main__ - INFO - info:70 - ENTRY: 2024-01-11 13:10:00+05:30 @ 1345.60 | SL: 1342.11 (-0.26%) | Target: 1352.33 | ADX: 34.6 | Conf: 0.874
2025-10-03 21:49:41,314 - __main__ - INFO - info:70 - ENTRY: 2024-01-11 14:25:00+05:30 @ 1359.20 | SL: 1354.53 (-0.34%) | Target: 1366.00 | ADX: 51.9 | Conf: 0.865
2025-10-03 21:49:41,317 - __main__ - INFO - info:70 - ENTRY: 2024-01-12 09:50:00+05:30 @ 1351.70 | SL: 1346.70 (-0.37%) | Target: 1358.46 | ADX: 35.7 | Conf: 0.855
2025-10-03 21:49:41,321 - __main__ - INFO - info:70 - ENTRY: 2024-01-12 10:20:00+05:30 @ 1362.00 | SL: 1356.74 (-0.39%) | Target: 1368.81 | ADX: 31.5 | Conf: 0.836
2025-10-03 21:49:41,323 - __main__ - INFO - info:70 - ENTRY: 2024-01-12 12:15:00+05:30 @ 1369.95 | SL: 1366.34 (-0.26%) | Target: 1376.80 | ADX: 31.1 | Conf: 0.737
2025-10-03 21:49:41,332 - __main__ - INFO - info:70 - ENTRY: 2024-01-15 11:25:00+05:30 @ 1386.20 | SL: 1382.26 (-0.28%) | Target: 1393.13 | ADX: 30.7 | Conf: 0.847
2025-10-03 21:49:41,341 - __main__ - INFO - info:70 - ENTRY: 2024-01-16 09:45:00+05:30 @ 1391.60 | SL: 1386.85 (-0.34%) | Target: 1398.56 | ADX: 28.0 | Conf: 0.890
2025-10-03 21:49:41,355 - __main__ - INFO - info:70 - ENTRY: 2024-01-17 09:35:00+05:30 @ 1382.25 | SL: 1375.43 (-0.49%) | Target: 1389.16 | ADX: 48.7 | Conf: 0.958
2025-10-03 21:49:41,356 - __main__ - INFO - info:70 - ENTRY: 2024-01-17 09:55:00+05:30 @ 1372.35 | SL: 1365.43 (-0.50%) | Target: 1379.21 | ADX: 45.1 | Conf: 0.897
2025-10-03 21:49:41,365 - __main__ - INFO - info:70 - ENTRY: 2024-01-18 09:35:00+05:30 @ 1360.35 | SL: 1354.74 (-0.41%) | Target: 1367.15 | ADX: 28.0 | Conf: 0.927
2025-10-03 21:49:41,366 - __main__ - INFO - info:70 - ENTRY: 2024-01-18 10:00:00+05:30 @ 1353.70 | SL: 1347.87 (-0.43%) | Target: 1360.47 | ADX: 25.6 | Conf: 0.850
2025-10-03 21:49:41,385 - __main__ - INFO - info:70 - ENTRY: 2024-01-20 09:40:00+05:30 @ 1366.10 | SL: 1359.69 (-0.47%) | Target: 1372.93 | ADX: 27.4 | Conf: 0.821
2025-10-03 21:49:41,389 - __main__ - INFO - info:70 - ENTRY: 2024-01-20 10:40:00+05:30 @ 1375.20 | SL: 1369.61 (-0.41%) | Target: 1382.08 | ADX: 34.4 | Conf: 0.926
2025-10-03 21:49:41,390 - __main__ - INFO - info:70 - ENTRY: 2024-01-20 10:50:00+05:30 @ 1377.00 | SL: 1370.62 (-0.46%) | Target: 1383.88 | ADX: 34.6 | Conf: 0.949
2025-10-03 21:49:41,391 - __main__ - INFO - info:70 - ENTRY: 2024-01-20 11:20:00+05:30 @ 1371.70 | SL: 1365.43 (-0.46%) | Target: 1378.56 | ADX: 26.2 | Conf: 0.789
2025-10-03 21:49:41,400 - __main__ - INFO - info:70 - ENTRY: 2024-01-23 09:35:00+05:30 @ 1359.70 | SL: 1354.01 (-0.42%) | Target: 1366.50 | ADX: 36.4 | Conf: 0.893
2025-10-03 21:49:41,403 - __main__ - INFO - info:70 - ENTRY: 2024-01-23 10:20:00+05:30 @ 1347.90 | SL: 1342.41 (-0.41%) | Target: 1354.64 | ADX: 27.4 | Conf: 0.908
2025-10-03 21:49:41,404 - __main__ - INFO - info:70 - ENTRY: 2024-01-23 10:35:00+05:30 @ 1340.90 | SL: 1335.06 (-0.44%) | Target: 1347.60 | ADX: 32.2 | Conf: 0.839
2025-10-03 21:49:41,425 - __main__ - INFO - info:70 - ENTRY: 2024-01-29 09:35:00+05:30 @ 1368.80 | SL: 1362.84 (-0.44%) | Target: 1375.64 | ADX: 42.9 | Conf: 0.712
2025-10-03 21:49:41,428 - __main__ - INFO - info:70 - ENTRY: 2024-01-29 10:40:00+05:30 @ 1387.20 | SL: 1382.14 (-0.36%) | Target: 1394.14 | ADX: 60.5 | Conf: 0.848
2025-10-03 21:49:41,430 - __main__ - INFO - info:70 - ENTRY: 2024-01-29 11:30:00+05:30 @ 1399.00 | SL: 1393.66 (-0.38%) | Target: 1405.99 | ADX: 70.6 | Conf: 0.848
2025-10-03 21:49:41,432 - __main__ - INFO - info:70 - ENTRY: 2024-01-29 11:50:00+05:30 @ 1409.30 | SL: 1403.96 (-0.38%) | Target: 1416.35 | ADX: 75.2 | Conf: 0.806
2025-10-03 21:49:41,433 - __main__ - INFO - info:70 - ENTRY: 2024-01-29 12:45:00+05:30 @ 1421.55 | SL: 1416.17 (-0.38%) | Target: 1428.66 | ADX: 75.3 | Conf: 0.926
2025-10-03 21:49:41,434 - __main__ - INFO - info:70 - ENTRY: 2024-01-29 13:15:00+05:30 @ 1426.70 | SL: 1421.28 (-0.38%) | Target: 1433.83 | ADX: 78.0 | Conf: 0.796
2025-10-03 21:49:41,438 - __main__ - INFO - info:70 - ENTRY: 2024-01-29 13:45:00+05:30 @ 1439.60 | SL: 1433.17 (-0.45%) | Target: 1446.80 | ADX: 74.6 | Conf: 0.961
2025-10-03 21:49:41,439 - __main__ - INFO - info:70 - ENTRY: 2024-01-29 14:00:00+05:30 @ 1449.75 | SL: 1442.61 (-0.49%) | Target: 1457.00 | ADX: 76.0 | Conf: 0.935
2025-10-03 21:49:41,440 - __main__ - INFO - info:70 - ENTRY: 2024-01-29 14:15:00+05:30 @ 1447.90 | SL: 1440.59 (-0.50%) | Target: 1455.14 | ADX: 75.6 | Conf: 0.794
2025-10-03 21:49:41,447 - __main__ - INFO - info:70 - ENTRY: 2024-01-30 09:35:00+05:30 @ 1437.65 | SL: 1428.96 (-0.60%) | Target: 1444.84 | ADX: 45.1 | Conf: 0.755
2025-10-03 21:49:41,448 - __main__ - INFO - info:70 - ENTRY: 2024-01-30 09:45:00+05:30 @ 1440.40 | SL: 1431.54 (-0.62%) | Target: 1447.60 | ADX: 41.2 | Conf: 0.717
2025-10-03 21:49:41,469 - __main__ - INFO - info:70 - ENTRY: 2024-01-30 10:30:00+05:30 @ 1427.20 | SL: 1419.56 (-0.54%) | Target: 1434.34 | ADX: 25.6 | Conf: 0.822
2025-10-03 21:49:41,521 - __main__ - INFO - info:70 - ENTRY: 2024-01-31 09:35:00+05:30 @ 1429.70 | SL: 1422.20 (-0.52%) | Target: 1436.85 | ADX: 40.5 | Conf: 0.897
2025-10-03 21:49:41,522 - __main__ - INFO - info:70 - ENTRY: 2024-01-31 10:15:00+05:30 @ 1423.75 | SL: 1417.02 (-0.47%) | Target: 1430.87 | ADX: 28.5 | Conf: 0.732
2025-10-03 21:49:41,549 - __main__ - INFO - info:70 - ENTRY: 2024-02-01 10:15:00+05:30 @ 1437.35 | SL: 1430.73 (-0.46%) | Target: 1444.54 | ADX: 27.5 | Conf: 0.918
2025-10-03 21:49:41,557 - __main__ - INFO - info:70 - ENTRY: 2024-02-01 11:20:00+05:30 @ 1428.40 | SL: 1421.79 (-0.46%) | Target: 1435.54 | ADX: 29.4 | Conf: 0.791
2025-10-03 21:49:41,565 - __main__ - INFO - info:70 - ENTRY: 2024-02-01 14:05:00+05:30 @ 1428.00 | SL: 1422.99 (-0.35%) | Target: 1435.14 | ADX: 26.2 | Conf: 0.912
2025-10-03 21:49:41,568 - __main__ - INFO - info:70 - ENTRY: 2024-02-02 09:35:00+05:30 @ 1458.00 | SL: 1450.48 (-0.52%) | Target: 1465.29 | ADX: 31.2 | Conf: 0.920
2025-10-03 21:49:41,571 - __main__ - INFO - info:70 - ENTRY: 2024-02-02 11:20:00+05:30 @ 1470.00 | SL: 1463.95 (-0.41%) | Target: 1477.35 | ADX: 38.5 | Conf: 0.927
2025-10-03 21:49:41,573 - __main__ - INFO - info:70 - ENTRY: 2024-02-02 12:25:00+05:30 @ 1453.60 | SL: 1446.92 (-0.46%) | Target: 1460.87 | ADX: 35.7 | Conf: 0.935
2025-10-03 21:49:41,573 - __main__ - INFO - info:70 - ENTRY: 2024-02-02 12:35:00+05:30 @ 1449.70 | SL: 1442.14 (-0.52%) | Target: 1456.95 | ADX: 36.2 | Conf: 0.928
2025-10-03 21:49:41,577 - __main__ - INFO - info:70 - ENTRY: 2024-02-02 14:25:00+05:30 @ 1448.40 | SL: 1443.06 (-0.37%) | Target: 1455.64 | ADX: 32.9 | Conf: 0.783
2025-10-03 21:49:41,590 - __main__ - INFO - info:70 - ENTRY: 2024-02-06 10:15:00+05:30 @ 1436.15 | SL: 1429.58 (-0.46%) | Target: 1443.33 | ADX: 42.6 | Conf: 0.850
2025-10-03 21:49:41,593 - __main__ - INFO - info:70 - ENTRY: 2024-02-06 10:35:00+05:30 @ 1423.00 | SL: 1415.68 (-0.51%) | Target: 1430.11 | ADX: 38.9 | Conf: 0.816
2025-10-03 21:49:41,595 - __main__ - INFO - info:70 - ENTRY: 2024-02-06 11:00:00+05:30 @ 1430.10 | SL: 1423.47 (-0.46%) | Target: 1437.25 | ADX: 34.2 | Conf: 0.866
2025-10-03 21:49:41,609 - __main__ - INFO - info:70 - ENTRY: 2024-02-07 10:35:00+05:30 @ 1441.50 | SL: 1435.74 (-0.40%) | Target: 1448.71 | ADX: 29.4 | Conf: 0.806
2025-10-03 21:49:41,611 - __main__ - INFO - info:70 - ENTRY: 2024-02-07 10:45:00+05:30 @ 1437.95 | SL: 1431.91 (-0.42%) | Target: 1445.14 | ADX: 25.8 | Conf: 0.884
2025-10-03 21:49:41,631 - __main__ - INFO - info:70 - ENTRY: 2024-02-09 09:35:00+05:30 @ 1464.00 | SL: 1456.24 (-0.53%) | Target: 1471.32 | ADX: 39.8 | Conf: 0.868
2025-10-03 21:49:41,633 - __main__ - INFO - info:70 - ENTRY: 2024-02-09 10:55:00+05:30 @ 1454.60 | SL: 1447.60 (-0.48%) | Target: 1461.87 | ADX: 32.6 | Conf: 0.888
2025-10-03 21:49:41,636 - __main__ - INFO - info:70 - ENTRY: 2024-02-09 11:15:00+05:30 @ 1462.20 | SL: 1454.81 (-0.51%) | Target: 1469.51 | ADX: 27.0 | Conf: 0.924
2025-10-03 21:49:41,643 - __main__ - INFO - info:70 - ENTRY: 2024-02-12 09:35:00+05:30 @ 1446.00 | SL: 1440.42 (-0.39%) | Target: 1453.23 | ADX: 33.5 | Conf: 0.797
2025-10-03 21:49:41,652 - __main__ - INFO - info:70 - ENTRY: 2024-02-12 14:10:00+05:30 @ 1459.85 | SL: 1455.83 (-0.28%) | Target: 1467.15 | ADX: 29.4 | Conf: 0.851
2025-10-03 21:49:41,654 - __main__ - INFO - info:70 - ENTRY: 2024-02-12 14:25:00+05:30 @ 1455.60 | SL: 1451.47 (-0.28%) | Target: 1462.88 | ADX: 31.7 | Conf: 0.719
2025-10-03 21:49:41,659 - __main__ - INFO - info:70 - ENTRY: 2024-02-13 11:10:00+05:30 @ 1477.00 | SL: 1471.89 (-0.35%) | Target: 1484.38 | ADX: 30.1 | Conf: 0.978
2025-10-03 21:49:41,663 - __main__ - INFO - info:70 - ENTRY: 2024-02-13 12:35:00+05:30 @ 1472.50 | SL: 1467.25 (-0.36%) | Target: 1479.86 | ADX: 32.0 | Conf: 0.735
2025-10-03 21:49:41,677 - __main__ - INFO - info:70 - ENTRY: 2024-02-15 09:35:00+05:30 @ 1473.80 | SL: 1469.31 (-0.30%) | Target: 1481.17 | ADX: 45.7 | Conf: 0.891
2025-10-03 21:49:41,702 - __main__ - INFO - info:70 - ENTRY: 2024-02-19 13:40:00+05:30 @ 1470.10 | SL: 1467.05 (-0.21%) | Target: 1477.45 | ADX: 31.2 | Conf: 0.788
2025-10-03 21:49:41,705 - __main__ - INFO - info:70 - ENTRY: 2024-02-20 09:45:00+05:30 @ 1468.10 | SL: 1463.06 (-0.34%) | Target: 1475.44 | ADX: 28.5 | Conf: 0.848
2025-10-03 21:49:41,722 - __main__ - INFO - info:70 - ENTRY: 2024-02-21 14:25:00+05:30 @ 1466.75 | SL: 1462.52 (-0.29%) | Target: 1474.08 | ADX: 32.6 | Conf: 0.820
2025-10-03 21:49:41,723 - __main__ - INFO - info:70 - ENTRY: 2024-02-22 09:35:00+05:30 @ 1463.35 | SL: 1457.30 (-0.41%) | Target: 1470.67 | ADX: 34.1 | Conf: 0.891
2025-10-03 21:49:41,725 - __main__ - INFO - info:70 - ENTRY: 2024-02-22 09:45:00+05:30 @ 1467.45 | SL: 1460.99 (-0.44%) | Target: 1474.79 | ADX: 30.1 | Conf: 0.906
2025-10-03 21:49:41,736 - __main__ - INFO - info:70 - ENTRY: 2024-02-23 10:00:00+05:30 @ 1491.30 | SL: 1486.03 (-0.35%) | Target: 1498.76 | ADX: 49.8 | Conf: 0.743
2025-10-03 21:49:41,745 - __main__ - INFO - info:70 - ENTRY: 2024-02-26 09:45:00+05:30 @ 1489.00 | SL: 1484.53 (-0.30%) | Target: 1496.44 | ADX: 31.3 | Conf: 0.745
2025-10-03 21:49:41,760 - __main__ - INFO - info:70 - ENTRY: 2024-02-27 13:00:00+05:30 @ 1494.90 | SL: 1490.83 (-0.27%) | Target: 1502.37 | ADX: 32.9 | Conf: 0.858
2025-10-03 21:49:41,763 - __main__ - INFO - info:70 - ENTRY: 2024-02-27 14:20:00+05:30 @ 1485.50 | SL: 1481.15 (-0.29%) | Target: 1492.93 | ADX: 26.3 | Conf: 0.724
2025-10-03 21:49:41,766 - __main__ - INFO - info:70 - ENTRY: 2024-02-28 11:00:00+05:30 @ 1461.60 | SL: 1456.57 (-0.34%) | Target: 1468.91 | ADX: 41.6 | Conf: 0.909
2025-10-03 21:49:41,772 - __main__ - INFO - info:70 - ENTRY: 2024-02-28 13:35:00+05:30 @ 1462.00 | SL: 1457.21 (-0.33%) | Target: 1469.31 | ADX: 32.8 | Conf: 0.777
2025-10-03 21:49:41,777 - __main__ - INFO - info:70 - ENTRY: 2024-02-29 09:35:00+05:30 @ 1470.60 | SL: 1463.35 (-0.49%) | Target: 1477.95 | ADX: 30.9 | Conf: 0.862
2025-10-03 21:49:41,791 - __main__ - INFO - info:70 - ENTRY: 2024-03-01 11:55:00+05:30 @ 1484.10 | SL: 1479.51 (-0.31%) | Target: 1491.52 | ADX: 46.1 | Conf: 0.824
2025-10-03 21:49:41,797 - __main__ - INFO - info:70 - ENTRY: 2024-03-02 09:35:00+05:30 @ 1497.10 | SL: 1491.44 (-0.38%) | Target: 1504.59 | ADX: 32.9 | Conf: 0.787
2025-10-03 21:49:41,804 - __main__ - INFO - info:70 - ENTRY: 2024-03-04 10:50:00+05:30 @ 1494.65 | SL: 1490.72 (-0.26%) | Target: 1502.12 | ADX: 26.4 | Conf: 0.702
2025-10-03 21:49:41,806 - __main__ - INFO - info:70 - ENTRY: 2024-03-04 11:20:00+05:30 @ 1499.20 | SL: 1494.89 (-0.29%) | Target: 1506.70 | ADX: 29.2 | Conf: 0.849
2025-10-03 21:49:41,813 - __main__ - INFO - info:70 - ENTRY: 2024-03-05 09:55:00+05:30 @ 1494.50 | SL: 1490.41 (-0.27%) | Target: 1501.97 | ADX: 34.6 | Conf: 0.848
2025-10-03 21:49:41,827 - __main__ - INFO - info:70 - ENTRY: 2024-03-06 13:55:00+05:30 @ 1495.70 | SL: 1491.66 (-0.27%) | Target: 1503.18 | ADX: 27.4 | Conf: 0.781
2025-10-03 21:49:41,832 - __main__ - INFO - info:70 - ENTRY: 2024-03-07 09:35:00+05:30 @ 1497.00 | SL: 1491.89 (-0.34%) | Target: 1504.48 | ADX: 30.5 | Conf: 0.771
2025-10-03 21:49:41,853 - __main__ - INFO - info:70 - ENTRY: 2024-03-12 09:45:00+05:30 @ 1482.50 | SL: 1476.66 (-0.39%) | Target: 1489.91 | ADX: 27.2 | Conf: 0.917
2025-10-03 21:49:41,865 - __main__ - INFO - info:70 - ENTRY: 2024-03-13 11:45:00+05:30 @ 1455.00 | SL: 1449.54 (-0.38%) | Target: 1462.27 | ADX: 30.6 | Conf: 0.815
2025-10-03 21:49:41,871 - __main__ - INFO - info:70 - ENTRY: 2024-03-13 13:55:00+05:30 @ 1450.90 | SL: 1446.31 (-0.32%) | Target: 1458.15 | ADX: 30.8 | Conf: 0.779
2025-10-03 21:49:41,872 - __main__ - INFO - info:70 - ENTRY: 2024-03-13 14:15:00+05:30 @ 1439.60 | SL: 1434.29 (-0.37%) | Target: 1446.80 | ADX: 34.3 | Conf: 0.888
2025-10-03 21:49:41,876 - __main__ - INFO - info:70 - ENTRY: 2024-03-14 09:35:00+05:30 @ 1437.55 | SL: 1429.72 (-0.55%) | Target: 1444.74 | ADX: 37.2 | Conf: 0.904
2025-10-03 21:49:41,886 - __main__ - INFO - info:70 - ENTRY: 2024-03-15 09:35:00+05:30 @ 1427.75 | SL: 1422.41 (-0.37%) | Target: 1434.89 | ADX: 25.3 | Conf: 0.794
2025-10-03 21:49:41,902 - __main__ - INFO - info:70 - ENTRY: 2024-03-18 14:15:00+05:30 @ 1433.60 | SL: 1429.71 (-0.27%) | Target: 1440.77 | ADX: 28.3 | Conf: 0.783
2025-10-03 21:49:41,906 - __main__ - INFO - info:70 - ENTRY: 2024-03-19 09:55:00+05:30 @ 1421.80 | SL: 1416.88 (-0.35%) | Target: 1428.91 | ADX: 35.4 | Conf: 0.786
2025-10-03 21:49:41,920 - __main__ - INFO - info:70 - ENTRY: 2024-03-20 09:40:00+05:30 @ 1431.80 | SL: 1427.65 (-0.29%) | Target: 1438.96 | ADX: 28.4 | Conf: 0.874
2025-10-03 21:49:41,929 - __main__ - INFO - info:70 - ENTRY: 2024-03-20 11:45:00+05:30 @ 1438.75 | SL: 1434.71 (-0.28%) | Target: 1445.94 | ADX: 30.1 | Conf: 0.790
2025-10-03 21:49:41,947 - __main__ - INFO - info:70 - ENTRY: 2024-03-21 10:10:00+05:30 @ 1453.75 | SL: 1449.42 (-0.30%) | Target: 1461.02 | ADX: 33.9 | Conf: 0.842
2025-10-03 21:49:41,960 - __main__ - INFO - info:70 - ENTRY: 2024-03-22 09:35:00+05:30 @ 1450.20 | SL: 1445.55 (-0.32%) | Target: 1457.45 | ADX: 34.4 | Conf: 0.899
2025-10-03 21:49:41,963 - __main__ - INFO - info:70 - ENTRY: 2024-03-22 10:30:00+05:30 @ 1457.00 | SL: 1452.29 (-0.32%) | Target: 1464.28 | ADX: 28.8 | Conf: 0.847
2025-10-03 21:49:41,980 - __main__ - INFO - info:70 - ENTRY: 2024-03-26 09:50:00+05:30 @ 1445.15 | SL: 1439.92 (-0.36%) | Target: 1452.38 | ADX: 27.9 | Conf: 0.726
2025-10-03 21:49:41,997 - __main__ - INFO - info:70 - ENTRY: 2024-03-27 09:35:00+05:30 @ 1473.00 | SL: 1467.26 (-0.39%) | Target: 1480.36 | ADX: 38.7 | Conf: 0.894
2025-10-03 21:49:42,004 - __main__ - INFO - info:70 - ENTRY: 2024-03-27 11:00:00+05:30 @ 1482.60 | SL: 1478.12 (-0.30%) | Target: 1490.01 | ADX: 58.8 | Conf: 0.853
2025-10-03 21:49:42,010 - __main__ - INFO - info:70 - ENTRY: 2024-03-27 11:50:00+05:30 @ 1492.25 | SL: 1487.84 (-0.30%) | Target: 1499.71 | ADX: 60.5 | Conf: 0.724
2025-10-03 21:49:42,031 - __main__ - INFO - info:70 - Simulation complete: 95 trades executed
2025-10-03 21:49:42,062 - __main__ - INFO - info:70 - Saved detailed results to backtest_results_improved.csv
2025-10-03 23:35:15,682 - __main__ - INFO - info:70 - Loaded model from models/ema_trap_balanced_ml.pkl
2025-10-03 23:35:15,682 - __main__ - INFO - info:70 - Loading test data from testing data/reliance_data_5min_full_year_testing.csv
2025-10-03 23:35:16,194 - __main__ - INFO - info:70 - Prepared 4568 candles for optimization
2025-10-03 23:37:55,175 - __main__ - INFO - info:70 - Loaded model from models/ema_trap_balanced_ml.pkl
2025-10-03 23:37:55,176 - __main__ - INFO - info:70 - Loading test data from testing data/reliance_data_5min_full_year_testing.csv
2025-10-03 23:37:55,787 - __main__ - INFO - info:70 - Prepared 4568 candles for optimization
