2025-10-03 20:56:00,900 - src.features.engineer - INFO - info:70 - Loaded model from models/ema_trap_balanced_ml.pkl
2025-10-03 20:56:56,971 - src.features.engineer - INFO - info:70 - Loaded model from models/ema_trap_balanced_ml.pkl
2025-10-03 20:56:57,042 - src.features.engineer - INFO - info:70 - FeatureEngineer initialized with config
2025-10-03 20:56:57,042 - src.features.engineer - INFO - info:70 - Loading test data from testing data/reliance_data_5min_full_year_testing.csv
2025-10-03 20:56:57,116 - src.features.engineer - INFO - info:70 - Loaded 4596 candles from 2024-01-01 09:15:00+05:30 to 2024-03-28 15:25:00+05:30
2025-10-03 20:58:05,758 - src.features.engineer - INFO - info:70 - Loaded model from models/ema_trap_balanced_ml.pkl
2025-10-03 20:58:05,777 - src.features.engineer - INFO - info:70 - FeatureEngineer initialized with config
2025-10-03 20:58:05,778 - src.features.engineer - INFO - info:70 - Loading test data from testing data/reliance_data_5min_full_year_testing.csv
2025-10-03 20:58:05,853 - src.features.engineer - INFO - info:70 - Loaded 4596 candles from 2024-01-01 09:15:00+05:30 to 2024-03-28 15:25:00+05:30
2025-10-03 20:59:29,207 - src.features.engineer - INFO - info:70 - Loaded model from models/ema_trap_balanced_ml.pkl
2025-10-03 20:59:29,222 - src.features.engineer - INFO - info:70 - FeatureEngineer initialized with config
2025-10-03 20:59:29,223 - src.features.engineer - INFO - info:70 - Loading test data from testing data/reliance_data_5min_full_year_testing.csv
2025-10-03 20:59:29,290 - src.features.engineer - INFO - info:70 - Loaded 4596 candles from 2024-01-01 09:15:00+05:30 to 2024-03-28 15:25:00+05:30
2025-10-03 20:59:29,356 - src.features.engineer - INFO - info:70 - Creating features for 6078 data points
2025-10-03 20:59:29,417 - src.features.engineer - INFO - info:70 - Added trend indicators: SMA periods [20, 50, 200], EMA periods [12, 21, 26, 50]
2025-10-03 20:59:29,423 - src.features.engineer - INFO - info:70 - Added momentum indicators: RSI, MACD, Stochastic, ROC
2025-10-03 20:59:29,433 - src.features.engineer - INFO - info:70 - Added volatility indicators: Bollinger Bands, ATR, Volatility Ratio
2025-10-03 20:59:29,438 - src.features.engineer - INFO - info:70 - Added volume indicators: OBV, Volume SMA, Volume ROC, PVT
2025-10-03 20:59:29,987 - src.features.engineer - INFO - info:70 - Added EMA trap detection features
2025-10-03 20:59:29,998 - src.features.engineer - INFO - info:70 - Added time-based features
2025-10-03 20:59:30,005 - src.features.engineer - INFO - info:70 - Added candle analysis features
2025-10-03 20:59:30,008 - src.features.engineer - INFO - info:70 - Features created. Rows: 6078 -> 5879 (removed 199 NaN rows)
2025-10-03 20:59:30,011 - src.features.engineer - INFO - info:70 - After preprocessing: 5879 candles ready for backtesting
2025-10-03 21:01:31,951 - src.features.engineer - INFO - info:70 - Loaded model from models/ema_trap_balanced_ml.pkl
2025-10-03 21:01:31,955 - src.features.engineer - INFO - info:70 - Loaded 51 features from metadata
2025-10-03 21:01:31,955 - src.features.engineer - INFO - info:70 - Using confidence threshold: 0.5499999999999999
2025-10-03 21:01:31,999 - src.features.engineer - INFO - info:70 - FeatureEngineer initialized with config
2025-10-03 21:01:32,000 - src.features.engineer - INFO - info:70 - Loading test data from testing data/reliance_data_5min_full_year_testing.csv
2025-10-03 21:01:32,081 - src.features.engineer - INFO - info:70 - Loaded 4596 candles from 2024-01-01 09:15:00+05:30 to 2024-03-28 15:25:00+05:30
2025-10-03 21:01:32,159 - src.features.engineer - INFO - info:70 - Creating features for 6078 data points
2025-10-03 21:01:32,175 - src.features.engineer - INFO - info:70 - Added trend indicators: SMA periods [20, 50, 200], EMA periods [12, 21, 26, 50]
2025-10-03 21:01:32,179 - src.features.engineer - INFO - info:70 - Added momentum indicators: RSI, MACD, Stochastic, ROC
2025-10-03 21:01:32,186 - src.features.engineer - INFO - info:70 - Added volatility indicators: Bollinger Bands, ATR, Volatility Ratio
2025-10-03 21:01:32,192 - src.features.engineer - INFO - info:70 - Added volume indicators: OBV, Volume SMA, Volume ROC, PVT
2025-10-03 21:01:32,674 - src.features.engineer - INFO - info:70 - Added EMA trap detection features
2025-10-03 21:01:32,681 - src.features.engineer - INFO - info:70 - Added time-based features
2025-10-03 21:01:32,689 - src.features.engineer - INFO - info:70 - Added candle analysis features
2025-10-03 21:01:32,692 - src.features.engineer - INFO - info:70 - Features created. Rows: 6078 -> 5879 (removed 199 NaN rows)
2025-10-03 21:01:32,695 - src.features.engineer - INFO - info:70 - After preprocessing: 5879 candles ready for backtesting
2025-10-03 21:01:32,696 - src.features.engineer - WARNING - warning:74 - Missing features: ['Crosses_Above_Last_2', 'Crosses_Below_Last_2', 'Crosses_Above_Last_3', 'Crosses_Below_Last_3', 'Crosses_Above_Last_5', 'Crosses_Below_Last_5', 'Crosses_Above_Last_10', 'Crosses_Below_Last_10', 'Distance_EMA_Change', 'Distance_EMA_Trend', 'ADX_Change', 'ADX_Very_Weak', 'ADX_Weak', 'ADX_Optimal', 'ADX_Strong', 'ADX_Very_Strong', 'Time_Slot', 'Is_9_15_to_9_30', 'Is_9_30_to_10_00', 'Is_10_00_to_10_30', 'Is_10_30_to_11_00', 'Is_11_00_to_12_00', 'Candle_Body_Pct', 'Candle_Efficiency', 'Micro_Candle', 'Tiny_Candle', 'Medium_Candle', 'Price_Change_1', 'Price_Change_3', 'Price_Change_5', 'Price_Momentum', 'Volume_Ratio', 'Volume_Change', 'Very_Low_Volume', 'Low_Volume', 'Normal_Volume', 'High_Volume', 'EMA_ADX_Signal', 'Volume_Candle_Signal', 'Time_EMA_Signal']
2025-10-03 21:01:32,696 - src.features.engineer - INFO - info:70 - Using 11/51 features
2025-10-03 21:04:25,972 - src.features.engineer - INFO - info:70 - Loaded model from models/ema_trap_balanced_ml.pkl
2025-10-03 21:04:25,973 - src.features.engineer - INFO - info:70 - Loaded 51 features from metadata
2025-10-03 21:04:25,973 - src.features.engineer - INFO - info:70 - Using confidence threshold: 0.5499999999999999
2025-10-03 21:04:25,990 - src.features.engineer - INFO - info:70 - FeatureEngineer initialized with config
2025-10-03 21:04:25,990 - src.features.engineer - INFO - info:70 - Loading test data from testing data/reliance_data_5min_full_year_testing.csv
2025-10-03 21:04:26,087 - src.features.engineer - INFO - info:70 - Loaded 4596 candles from 2024-01-01 09:15:00+05:30 to 2024-03-28 15:25:00+05:30
2025-10-03 21:04:26,137 - src.features.engineer - INFO - info:70 - Created 51 features
2025-10-03 21:04:26,142 - src.features.engineer - INFO - info:70 - After preprocessing: 4568 candles ready for backtesting
2025-10-03 21:04:26,142 - src.features.engineer - INFO - info:70 - Using 51/51 features
2025-10-03 21:04:26,166 - src.features.engineer - INFO - info:70 - Generated 2810 signals above 0.5499999999999999 confidence
2025-10-03 21:04:26,167 - src.features.engineer - INFO - info:70 - Starting trade simulation...
2025-10-03 21:04:26,176 - src.features.engineer - INFO - info:70 - ENTRY: 2024-01-02 09:15:00+05:30 @ 1296.00 (confidence: 0.927)
2025-10-03 21:04:26,180 - src.features.engineer - INFO - info:70 - ENTRY: 2024-01-02 09:45:00+05:30 @ 1301.00 (confidence: 0.570)
2025-10-03 21:04:26,181 - src.features.engineer - INFO - info:70 - ENTRY: 2024-01-02 10:00:00+05:30 @ 1297.70 (confidence: 0.581)
2025-10-03 21:04:26,182 - src.features.engineer - INFO - info:70 - ENTRY: 2024-01-02 10:35:00+05:30 @ 1291.90 (confidence: 0.641)
2025-10-03 21:04:26,183 - src.features.engineer - INFO - info:70 - ENTRY: 2024-01-02 11:10:00+05:30 @ 1289.25 (confidence: 0.623)
2025-10-03 21:04:26,188 - src.features.engineer - INFO - info:70 - ENTRY: 2024-01-02 13:00:00+05:30 @ 1291.00 (confidence: 0.552)
2025-10-03 21:04:26,190 - src.features.engineer - INFO - info:70 - ENTRY: 2024-01-02 14:15:00+05:30 @ 1297.00 (confidence: 0.576)
2025-10-03 21:04:26,199 - src.features.engineer - INFO - info:70 - ENTRY: 2024-01-03 09:15:00+05:30 @ 1311.80 (confidence: 0.954)
2025-10-03 21:04:26,201 - src.features.engineer - INFO - info:70 - ENTRY: 2024-01-03 09:40:00+05:30 @ 1307.10 (confidence: 0.656)
2025-10-03 21:04:26,206 - src.features.engineer - INFO - info:70 - ENTRY: 2024-01-03 10:20:00+05:30 @ 1302.10 (confidence: 0.625)
2025-10-03 21:04:26,216 - src.features.engineer - INFO - info:70 - ENTRY: 2024-01-03 14:20:00+05:30 @ 1300.20 (confidence: 0.602)
2025-10-03 21:04:26,232 - src.features.engineer - INFO - info:70 - ENTRY: 2024-01-04 09:15:00+05:30 @ 1290.70 (confidence: 0.879)
2025-10-03 21:04:26,239 - src.features.engineer - INFO - info:70 - ENTRY: 2024-01-04 09:40:00+05:30 @ 1297.75 (confidence: 0.679)
2025-10-03 21:04:26,267 - src.features.engineer - INFO - info:70 - ENTRY: 2024-01-04 14:20:00+05:30 @ 1297.15 (confidence: 0.562)
2025-10-03 21:04:26,292 - src.features.engineer - INFO - info:70 - ENTRY: 2024-01-05 09:15:00+05:30 @ 1303.80 (confidence: 0.893)
2025-10-03 21:04:26,296 - src.features.engineer - INFO - info:70 - ENTRY: 2024-01-05 09:35:00+05:30 @ 1300.60 (confidence: 0.623)
2025-10-03 21:04:26,299 - src.features.engineer - INFO - info:70 - ENTRY: 2024-01-05 10:40:00+05:30 @ 1307.00 (confidence: 0.616)
2025-10-03 21:04:26,315 - src.features.engineer - INFO - info:70 - ENTRY: 2024-01-05 13:55:00+05:30 @ 1301.10 (confidence: 0.608)
2025-10-03 21:04:26,319 - src.features.engineer - INFO - info:70 - ENTRY: 2024-01-08 09:15:00+05:30 @ 1312.70 (confidence: 0.969)
2025-10-03 21:04:26,322 - src.features.engineer - INFO - info:70 - ENTRY: 2024-01-08 09:35:00+05:30 @ 1308.85 (confidence: 0.768)
2025-10-03 21:04:26,323 - src.features.engineer - INFO - info:70 - ENTRY: 2024-01-08 09:50:00+05:30 @ 1308.50 (confidence: 0.644)
2025-10-03 21:04:26,329 - src.features.engineer - INFO - info:70 - ENTRY: 2024-01-08 11:10:00+05:30 @ 1303.70 (confidence: 0.629)
2025-10-03 21:04:26,330 - src.features.engineer - INFO - info:70 - ENTRY: 2024-01-08 11:50:00+05:30 @ 1290.20 (confidence: 0.827)
2025-10-03 21:04:26,334 - src.features.engineer - INFO - info:70 - ENTRY: 2024-01-08 13:40:00+05:30 @ 1292.40 (confidence: 0.572)
2025-10-03 21:04:26,339 - src.features.engineer - INFO - info:70 - ENTRY: 2024-01-09 09:15:00+05:30 @ 1300.30 (confidence: 0.880)
2025-10-03 21:04:26,339 - src.features.engineer - INFO - info:70 - ENTRY: 2024-01-09 09:40:00+05:30 @ 1297.00 (confidence: 0.829)
2025-10-03 21:04:26,342 - src.features.engineer - INFO - info:70 - ENTRY: 2024-01-09 11:50:00+05:30 @ 1297.60 (confidence: 0.565)
2025-10-03 21:04:26,348 - src.features.engineer - INFO - info:70 - ENTRY: 2024-01-09 14:05:00+05:30 @ 1298.00 (confidence: 0.605)
2025-10-03 21:04:26,351 - src.features.engineer - INFO - info:70 - ENTRY: 2024-01-10 09:15:00+05:30 @ 1295.75 (confidence: 0.967)
2025-10-03 21:04:26,353 - src.features.engineer - INFO - info:70 - ENTRY: 2024-01-10 09:30:00+05:30 @ 1292.75 (confidence: 0.819)
2025-10-03 21:04:26,366 - src.features.engineer - INFO - info:70 - ENTRY: 2024-01-10 14:00:00+05:30 @ 1297.90 (confidence: 0.597)
2025-10-03 21:04:26,372 - src.features.engineer - INFO - info:70 - ENTRY: 2024-01-11 09:15:00+05:30 @ 1337.40 (confidence: 0.981)
2025-10-03 21:04:26,375 - src.features.engineer - INFO - info:70 - ENTRY: 2024-01-11 09:40:00+05:30 @ 1342.40 (confidence: 0.828)
2025-10-03 21:04:26,377 - src.features.engineer - INFO - info:70 - ENTRY: 2024-01-11 10:25:00+05:30 @ 1335.10 (confidence: 0.601)
2025-10-03 21:04:26,381 - src.features.engineer - INFO - info:70 - ENTRY: 2024-01-11 12:10:00+05:30 @ 1337.95 (confidence: 0.573)
2025-10-03 21:04:26,382 - src.features.engineer - INFO - info:70 - ENTRY: 2024-01-11 13:15:00+05:30 @ 1345.30 (confidence: 0.836)
2025-10-03 21:04:26,384 - src.features.engineer - INFO - info:70 - ENTRY: 2024-01-11 13:55:00+05:30 @ 1352.80 (confidence: 0.702)
2025-10-03 21:04:26,387 - src.features.engineer - INFO - info:70 - ENTRY: 2024-01-11 14:15:00+05:30 @ 1352.40 (confidence: 0.633)
2025-10-03 21:04:26,388 - src.features.engineer - INFO - info:70 - ENTRY: 2024-01-11 14:25:00+05:30 @ 1359.20 (confidence: 0.865)
2025-10-03 21:04:26,389 - src.features.engineer - INFO - info:70 - ENTRY: 2024-01-12 09:15:00+05:30 @ 1350.70 (confidence: 0.965)
2025-10-03 21:04:26,390 - src.features.engineer - INFO - info:70 - ENTRY: 2024-01-12 09:30:00+05:30 @ 1347.35 (confidence: 0.788)
2025-10-03 21:04:26,391 - src.features.engineer - INFO - info:70 - ENTRY: 2024-01-12 10:05:00+05:30 @ 1358.00 (confidence: 0.900)
2025-10-03 21:04:26,396 - src.features.engineer - INFO - info:70 - ENTRY: 2024-01-12 11:00:00+05:30 @ 1364.80 (confidence: 0.705)
2025-10-03 21:04:26,402 - src.features.engineer - INFO - info:70 - ENTRY: 2024-01-12 12:45:00+05:30 @ 1370.50 (confidence: 0.648)
2025-10-03 21:04:26,409 - src.features.engineer - INFO - info:70 - ENTRY: 2024-01-15 09:15:00+05:30 @ 1376.95 (confidence: 0.878)
2025-10-03 21:04:26,412 - src.features.engineer - INFO - info:70 - ENTRY: 2024-01-15 09:35:00+05:30 @ 1373.45 (confidence: 0.706)
2025-10-03 21:04:26,413 - src.features.engineer - INFO - info:70 - ENTRY: 2024-01-15 09:55:00+05:30 @ 1368.00 (confidence: 0.732)
2025-10-03 21:04:26,415 - src.features.engineer - INFO - info:70 - ENTRY: 2024-01-15 10:15:00+05:30 @ 1374.95 (confidence: 0.659)
2025-10-03 21:04:26,416 - src.features.engineer - INFO - info:70 - ENTRY: 2024-01-15 11:25:00+05:30 @ 1386.20 (confidence: 0.847)
2025-10-03 21:04:26,420 - src.features.engineer - INFO - info:70 - ENTRY: 2024-01-15 13:05:00+05:30 @ 1384.90 (confidence: 0.572)
2025-10-03 21:04:26,425 - src.features.engineer - INFO - info:70 - ENTRY: 2024-01-16 09:15:00+05:30 @ 1389.05 (confidence: 0.962)
2025-10-03 21:04:26,426 - src.features.engineer - INFO - info:70 - ENTRY: 2024-01-16 09:25:00+05:30 @ 1385.45 (confidence: 0.881)
2025-10-03 21:04:26,431 - src.features.engineer - INFO - info:70 - ENTRY: 2024-01-16 09:50:00+05:30 @ 1392.10 (confidence: 0.869)
2025-10-03 21:04:26,432 - src.features.engineer - INFO - info:70 - ENTRY: 2024-01-16 10:05:00+05:30 @ 1388.75 (confidence: 0.629)
2025-10-03 21:04:26,433 - src.features.engineer - INFO - info:70 - ENTRY: 2024-01-16 10:50:00+05:30 @ 1392.90 (confidence: 0.814)
2025-10-03 21:04:26,434 - src.features.engineer - INFO - info:70 - ENTRY: 2024-01-16 12:10:00+05:30 @ 1391.10 (confidence: 0.847)
2025-10-03 21:04:26,438 - src.features.engineer - INFO - info:70 - ENTRY: 2024-01-16 12:55:00+05:30 @ 1387.25 (confidence: 0.555)
2025-10-03 21:04:26,439 - src.features.engineer - INFO - info:70 - ENTRY: 2024-01-16 13:25:00+05:30 @ 1382.50 (confidence: 0.632)
2025-10-03 21:04:26,440 - src.features.engineer - INFO - info:70 - ENTRY: 2024-01-16 13:40:00+05:30 @ 1382.90 (confidence: 0.722)
2025-10-03 21:04:26,444 - src.features.engineer - INFO - info:70 - ENTRY: 2024-01-17 09:15:00+05:30 @ 1374.90 (confidence: 0.940)
2025-10-03 21:04:26,447 - src.features.engineer - INFO - info:70 - ENTRY: 2024-01-17 09:35:00+05:30 @ 1382.25 (confidence: 0.958)
2025-10-03 21:04:26,448 - src.features.engineer - INFO - info:70 - ENTRY: 2024-01-17 09:50:00+05:30 @ 1376.55 (confidence: 0.822)
2025-10-03 21:04:26,448 - src.features.engineer - INFO - info:70 - ENTRY: 2024-01-17 10:00:00+05:30 @ 1375.90 (confidence: 0.705)
2025-10-03 21:04:26,449 - src.features.engineer - INFO - info:70 - ENTRY: 2024-01-17 10:10:00+05:30 @ 1370.30 (confidence: 0.661)
2025-10-03 21:04:26,451 - src.features.engineer - INFO - info:70 - ENTRY: 2024-01-17 12:00:00+05:30 @ 1368.85 (confidence: 0.687)
2025-10-03 21:04:26,456 - src.features.engineer - INFO - info:70 - ENTRY: 2024-01-17 13:35:00+05:30 @ 1363.20 (confidence: 0.616)
2025-10-03 21:04:26,459 - src.features.engineer - INFO - info:70 - ENTRY: 2024-01-18 09:15:00+05:30 @ 1368.60 (confidence: 0.979)
2025-10-03 21:04:26,460 - src.features.engineer - INFO - info:70 - ENTRY: 2024-01-18 09:35:00+05:30 @ 1360.35 (confidence: 0.927)
2025-10-03 21:04:26,463 - src.features.engineer - INFO - info:70 - ENTRY: 2024-01-18 09:50:00+05:30 @ 1358.60 (confidence: 0.885)
2025-10-03 21:04:26,465 - src.features.engineer - INFO - info:70 - ENTRY: 2024-01-18 10:00:00+05:30 @ 1353.70 (confidence: 0.850)
2025-10-03 21:04:26,470 - src.features.engineer - INFO - info:70 - ENTRY: 2024-01-18 11:15:00+05:30 @ 1359.60 (confidence: 0.628)
2025-10-03 21:04:26,475 - src.features.engineer - INFO - info:70 - ENTRY: 2024-01-18 12:35:00+05:30 @ 1356.10 (confidence: 0.557)
2025-10-03 21:04:26,481 - src.features.engineer - INFO - info:70 - ENTRY: 2024-01-18 13:30:00+05:30 @ 1364.40 (confidence: 0.716)
2025-10-03 21:04:26,490 - src.features.engineer - INFO - info:70 - ENTRY: 2024-01-19 09:15:00+05:30 @ 1372.50 (confidence: 0.941)
2025-10-03 21:04:26,491 - src.features.engineer - INFO - info:70 - ENTRY: 2024-01-19 09:35:00+05:30 @ 1368.20 (confidence: 0.863)
2025-10-03 21:04:26,492 - src.features.engineer - INFO - info:70 - ENTRY: 2024-01-19 09:45:00+05:30 @ 1364.10 (confidence: 0.832)
2025-10-03 21:04:26,496 - src.features.engineer - INFO - info:70 - ENTRY: 2024-01-19 11:25:00+05:30 @ 1360.75 (confidence: 0.567)
2025-10-03 21:04:26,498 - src.features.engineer - INFO - info:70 - ENTRY: 2024-01-19 13:15:00+05:30 @ 1365.35 (confidence: 0.615)
2025-10-03 21:04:26,501 - src.features.engineer - INFO - info:70 - ENTRY: 2024-01-20 09:15:00+05:30 @ 1362.90 (confidence: 0.947)
2025-10-03 21:04:26,503 - src.features.engineer - INFO - info:70 - ENTRY: 2024-01-20 09:25:00+05:30 @ 1367.20 (confidence: 0.930)
2025-10-03 21:04:26,505 - src.features.engineer - INFO - info:70 - ENTRY: 2024-01-20 10:05:00+05:30 @ 1362.90 (confidence: 0.641)
2025-10-03 21:04:26,506 - src.features.engineer - INFO - info:70 - ENTRY: 2024-01-20 10:35:00+05:30 @ 1371.70 (confidence: 0.923)
2025-10-03 21:04:26,507 - src.features.engineer - INFO - info:70 - ENTRY: 2024-01-20 10:50:00+05:30 @ 1377.00 (confidence: 0.949)
2025-10-03 21:04:26,507 - src.features.engineer - INFO - info:70 - ENTRY: 2024-01-20 11:05:00+05:30 @ 1375.85 (confidence: 0.627)
2025-10-03 21:04:26,508 - src.features.engineer - INFO - info:70 - ENTRY: 2024-01-20 11:20:00+05:30 @ 1371.70 (confidence: 0.789)
2025-10-03 21:04:26,509 - src.features.engineer - INFO - info:70 - ENTRY: 2024-01-20 12:00:00+05:30 @ 1372.00 (confidence: 0.857)
2025-10-03 21:04:26,512 - src.features.engineer - INFO - info:70 - ENTRY: 2024-01-20 13:40:00+05:30 @ 1363.50 (confidence: 0.772)
2025-10-03 21:04:26,514 - src.features.engineer - INFO - info:70 - ENTRY: 2024-01-20 14:25:00+05:30 @ 1360.20 (confidence: 0.786)
2025-10-03 21:04:26,515 - src.features.engineer - INFO - info:70 - ENTRY: 2024-01-23 09:15:00+05:30 @ 1367.90 (confidence: 0.956)
2025-10-03 21:04:26,516 - src.features.engineer - INFO - info:70 - ENTRY: 2024-01-23 09:30:00+05:30 @ 1361.00 (confidence: 0.858)
2025-10-03 21:04:26,516 - src.features.engineer - INFO - info:70 - ENTRY: 2024-01-23 10:10:00+05:30 @ 1356.30 (confidence: 0.833)
2025-10-03 21:04:26,517 - src.features.engineer - INFO - info:70 - ENTRY: 2024-01-23 10:20:00+05:30 @ 1347.90 (confidence: 0.908)
2025-10-03 21:04:26,518 - src.features.engineer - INFO - info:70 - ENTRY: 2024-01-23 10:35:00+05:30 @ 1340.90 (confidence: 0.839)
2025-10-03 21:04:26,523 - src.features.engineer - INFO - info:70 - ENTRY: 2024-01-23 10:55:00+05:30 @ 1339.50 (confidence: 0.715)
2025-10-03 21:04:26,525 - src.features.engineer - INFO - info:70 - ENTRY: 2024-01-23 11:05:00+05:30 @ 1338.10 (confidence: 0.674)
2025-10-03 21:04:26,527 - src.features.engineer - INFO - info:70 - ENTRY: 2024-01-23 11:35:00+05:30 @ 1333.10 (confidence: 0.556)
2025-10-03 21:04:26,529 - src.features.engineer - INFO - info:70 - ENTRY: 2024-01-23 12:05:00+05:30 @ 1329.00 (confidence: 0.566)
2025-10-03 21:04:26,531 - src.features.engineer - INFO - info:70 - ENTRY: 2024-01-23 12:55:00+05:30 @ 1326.00 (confidence: 0.556)
2025-10-03 21:04:26,532 - src.features.engineer - INFO - info:70 - ENTRY: 2024-01-23 13:50:00+05:30 @ 1329.45 (confidence: 0.842)
2025-10-03 21:04:26,535 - src.features.engineer - INFO - info:70 - ENTRY: 2024-01-24 09:15:00+05:30 @ 1327.45 (confidence: 0.946)
2025-10-03 21:04:26,539 - src.features.engineer - INFO - info:70 - ENTRY: 2024-01-24 11:25:00+05:30 @ 1330.10 (confidence: 0.620)
2025-10-03 21:04:26,540 - src.features.engineer - INFO - info:70 - ENTRY: 2024-01-24 11:35:00+05:30 @ 1331.50 (confidence: 0.556)
2025-10-03 21:04:26,541 - src.features.engineer - INFO - info:70 - ENTRY: 2024-01-24 13:00:00+05:30 @ 1333.00 (confidence: 0.662)
2025-10-03 21:04:26,546 - src.features.engineer - INFO - info:70 - ENTRY: 2024-01-25 09:15:00+05:30 @ 1342.10 (confidence: 0.933)
2025-10-03 21:04:26,547 - src.features.engineer - INFO - info:70 - ENTRY: 2024-01-25 09:35:00+05:30 @ 1346.20 (confidence: 0.595)
2025-10-03 21:04:26,549 - src.features.engineer - INFO - info:70 - ENTRY: 2024-01-25 09:55:00+05:30 @ 1340.90 (confidence: 0.883)
2025-10-03 21:04:26,550 - src.features.engineer - INFO - info:70 - ENTRY: 2024-01-25 10:30:00+05:30 @ 1338.10 (confidence: 0.656)
2025-10-03 21:04:26,556 - src.features.engineer - INFO - info:70 - ENTRY: 2024-01-25 11:40:00+05:30 @ 1346.00 (confidence: 0.826)
2025-10-03 21:04:26,557 - src.features.engineer - INFO - info:70 - ENTRY: 2024-01-25 11:55:00+05:30 @ 1346.00 (confidence: 0.854)
2025-10-03 21:04:26,559 - src.features.engineer - INFO - info:70 - ENTRY: 2024-01-25 12:55:00+05:30 @ 1342.15 (confidence: 0.724)
2025-10-03 21:04:26,562 - src.features.engineer - INFO - info:70 - ENTRY: 2024-01-25 14:05:00+05:30 @ 1352.50 (confidence: 0.947)
2025-10-03 21:04:26,565 - src.features.engineer - INFO - info:70 - ENTRY: 2024-01-29 09:15:00+05:30 @ 1366.50 (confidence: 0.900)
2025-10-03 21:04:26,565 - src.features.engineer - INFO - info:70 - ENTRY: 2024-01-29 09:50:00+05:30 @ 1375.05 (confidence: 0.620)
2025-10-03 21:04:26,566 - src.features.engineer - INFO - info:70 - ENTRY: 2024-01-29 10:35:00+05:30 @ 1388.00 (confidence: 0.938)
2025-10-03 21:04:26,567 - src.features.engineer - INFO - info:70 - ENTRY: 2024-01-29 11:05:00+05:30 @ 1393.55 (confidence: 0.637)
2025-10-03 21:04:26,569 - src.features.engineer - INFO - info:70 - ENTRY: 2024-01-29 11:30:00+05:30 @ 1399.00 (confidence: 0.848)
2025-10-03 21:04:26,570 - src.features.engineer - INFO - info:70 - ENTRY: 2024-01-29 11:50:00+05:30 @ 1409.30 (confidence: 0.806)
2025-10-03 21:04:26,571 - src.features.engineer - INFO - info:70 - ENTRY: 2024-01-29 12:45:00+05:30 @ 1421.55 (confidence: 0.926)
2025-10-03 21:04:26,572 - src.features.engineer - INFO - info:70 - ENTRY: 2024-01-29 13:15:00+05:30 @ 1426.70 (confidence: 0.796)
2025-10-03 21:04:26,574 - src.features.engineer - INFO - info:70 - ENTRY: 2024-01-29 13:45:00+05:30 @ 1439.60 (confidence: 0.961)
2025-10-03 21:04:26,574 - src.features.engineer - INFO - info:70 - ENTRY: 2024-01-29 14:00:00+05:30 @ 1449.75 (confidence: 0.935)
2025-10-03 21:04:26,574 - src.features.engineer - INFO - info:70 - ENTRY: 2024-01-29 14:10:00+05:30 @ 1444.75 (confidence: 0.829)
2025-10-03 21:04:26,577 - src.features.engineer - INFO - info:70 - ENTRY: 2024-01-30 09:15:00+05:30 @ 1453.60 (confidence: 0.963)
2025-10-03 21:04:26,579 - src.features.engineer - INFO - info:70 - ENTRY: 2024-01-30 09:25:00+05:30 @ 1435.40 (confidence: 0.941)
2025-10-03 21:04:26,580 - src.features.engineer - INFO - info:70 - ENTRY: 2024-01-30 09:45:00+05:30 @ 1440.40 (confidence: 0.717)
2025-10-03 21:04:26,580 - src.features.engineer - INFO - info:70 - ENTRY: 2024-01-30 09:55:00+05:30 @ 1437.70 (confidence: 0.844)
2025-10-03 21:04:26,581 - src.features.engineer - INFO - info:70 - ENTRY: 2024-01-30 10:25:00+05:30 @ 1429.00 (confidence: 0.921)
2025-10-03 21:04:26,582 - src.features.engineer - INFO - info:70 - ENTRY: 2024-01-30 10:55:00+05:30 @ 1424.50 (confidence: 0.660)
2025-10-03 21:04:26,582 - src.features.engineer - INFO - info:70 - ENTRY: 2024-01-30 11:40:00+05:30 @ 1434.20 (confidence: 0.925)
2025-10-03 21:04:26,582 - src.features.engineer - INFO - info:70 - ENTRY: 2024-01-30 12:00:00+05:30 @ 1430.40 (confidence: 0.649)
2025-10-03 21:04:26,585 - src.features.engineer - INFO - info:70 - ENTRY: 2024-01-30 12:45:00+05:30 @ 1424.50 (confidence: 0.644)
2025-10-03 21:04:26,590 - src.features.engineer - INFO - info:70 - ENTRY: 2024-01-31 09:15:00+05:30 @ 1421.20 (confidence: 0.982)
2025-10-03 21:04:26,591 - src.features.engineer - INFO - info:70 - ENTRY: 2024-01-31 09:25:00+05:30 @ 1425.30 (confidence: 0.941)
2025-10-03 21:04:26,591 - src.features.engineer - INFO - info:70 - ENTRY: 2024-01-31 09:35:00+05:30 @ 1429.70 (confidence: 0.897)
2025-10-03 21:04:26,592 - src.features.engineer - INFO - info:70 - ENTRY: 2024-01-31 09:50:00+05:30 @ 1426.55 (confidence: 0.705)
2025-10-03 21:04:26,592 - src.features.engineer - INFO - info:70 - ENTRY: 2024-01-31 10:15:00+05:30 @ 1423.75 (confidence: 0.732)
2025-10-03 21:04:26,594 - src.features.engineer - INFO - info:70 - ENTRY: 2024-01-31 10:30:00+05:30 @ 1418.00 (confidence: 0.822)
2025-10-03 21:04:26,597 - src.features.engineer - INFO - info:70 - ENTRY: 2024-01-31 11:00:00+05:30 @ 1425.70 (confidence: 0.889)
2025-10-03 21:04:26,599 - src.features.engineer - INFO - info:70 - ENTRY: 2024-01-31 11:40:00+05:30 @ 1430.75 (confidence: 0.880)
2025-10-03 21:04:26,601 - src.features.engineer - INFO - info:70 - ENTRY: 2024-01-31 12:25:00+05:30 @ 1424.90 (confidence: 0.782)
2025-10-03 21:04:26,604 - src.features.engineer - INFO - info:70 - ENTRY: 2024-01-31 12:55:00+05:30 @ 1420.10 (confidence: 0.734)
2025-10-03 21:04:26,606 - src.features.engineer - INFO - info:70 - ENTRY: 2024-01-31 13:55:00+05:30 @ 1418.00 (confidence: 0.639)
2025-10-03 21:04:26,607 - src.features.engineer - INFO - info:70 - ENTRY: 2024-02-01 09:15:00+05:30 @ 1429.40 (confidence: 0.947)
2025-10-03 21:04:26,608 - src.features.engineer - INFO - info:70 - ENTRY: 2024-02-01 09:40:00+05:30 @ 1425.10 (confidence: 0.765)
2025-10-03 21:04:26,609 - src.features.engineer - INFO - info:70 - ENTRY: 2024-02-01 10:10:00+05:30 @ 1439.10 (confidence: 0.976)
2025-10-03 21:04:26,610 - src.features.engineer - INFO - info:70 - ENTRY: 2024-02-01 10:20:00+05:30 @ 1436.85 (confidence: 0.756)
2025-10-03 21:04:26,613 - src.features.engineer - INFO - info:70 - ENTRY: 2024-02-01 10:40:00+05:30 @ 1434.50 (confidence: 0.643)
2025-10-03 21:04:26,615 - src.features.engineer - INFO - info:70 - ENTRY: 2024-02-01 11:00:00+05:30 @ 1433.40 (confidence: 0.684)
2025-10-03 21:04:26,616 - src.features.engineer - INFO - info:70 - ENTRY: 2024-02-01 11:20:00+05:30 @ 1428.40 (confidence: 0.791)
2025-10-03 21:04:26,621 - src.features.engineer - INFO - info:70 - ENTRY: 2024-02-01 13:05:00+05:30 @ 1424.60 (confidence: 0.838)
2025-10-03 21:04:26,622 - src.features.engineer - INFO - info:70 - ENTRY: 2024-02-01 13:30:00+05:30 @ 1420.80 (confidence: 0.600)
2025-10-03 21:04:26,622 - src.features.engineer - INFO - info:70 - ENTRY: 2024-02-01 14:10:00+05:30 @ 1429.35 (confidence: 0.845)
2025-10-03 21:04:26,624 - src.features.engineer - INFO - info:70 - ENTRY: 2024-02-02 09:15:00+05:30 @ 1452.50 (confidence: 0.985)
2025-10-03 21:04:26,625 - src.features.engineer - INFO - info:70 - ENTRY: 2024-02-02 09:25:00+05:30 @ 1457.20 (confidence: 0.967)
2025-10-03 21:04:26,626 - src.features.engineer - INFO - info:70 - ENTRY: 2024-02-02 09:35:00+05:30 @ 1458.00 (confidence: 0.920)
2025-10-03 21:04:26,626 - src.features.engineer - INFO - info:70 - ENTRY: 2024-02-02 09:50:00+05:30 @ 1455.75 (confidence: 0.657)
2025-10-03 21:04:26,629 - src.features.engineer - INFO - info:70 - ENTRY: 2024-02-02 10:40:00+05:30 @ 1452.05 (confidence: 0.667)
2025-10-03 21:04:26,631 - src.features.engineer - INFO - info:70 - ENTRY: 2024-02-02 11:10:00+05:30 @ 1461.10 (confidence: 0.886)
2025-10-03 21:04:26,631 - src.features.engineer - INFO - info:70 - ENTRY: 2024-02-02 11:25:00+05:30 @ 1473.40 (confidence: 0.886)
2025-10-03 21:04:26,632 - src.features.engineer - INFO - info:70 - ENTRY: 2024-02-02 11:45:00+05:30 @ 1466.40 (confidence: 0.611)
2025-10-03 21:04:26,632 - src.features.engineer - INFO - info:70 - ENTRY: 2024-02-02 12:00:00+05:30 @ 1468.00 (confidence: 0.628)
2025-10-03 21:04:26,635 - src.features.engineer - INFO - info:70 - ENTRY: 2024-02-02 12:30:00+05:30 @ 1453.20 (confidence: 0.918)
2025-10-03 21:04:26,637 - src.features.engineer - INFO - info:70 - ENTRY: 2024-02-02 12:40:00+05:30 @ 1449.35 (confidence: 0.790)
2025-10-03 21:04:26,639 - src.features.engineer - INFO - info:70 - ENTRY: 2024-02-02 13:05:00+05:30 @ 1448.80 (confidence: 0.599)
2025-10-03 21:04:26,640 - src.features.engineer - INFO - info:70 - ENTRY: 2024-02-02 13:25:00+05:30 @ 1446.55 (confidence: 0.551)
2025-10-03 21:04:26,642 - src.features.engineer - INFO - info:70 - ENTRY: 2024-02-02 14:25:00+05:30 @ 1448.40 (confidence: 0.783)
2025-10-03 21:04:26,647 - src.features.engineer - INFO - info:70 - ENTRY: 2024-02-05 09:15:00+05:30 @ 1446.25 (confidence: 0.974)
2025-10-03 21:04:26,647 - src.features.engineer - INFO - info:70 - ENTRY: 2024-02-05 09:30:00+05:30 @ 1447.50 (confidence: 0.821)
2025-10-03 21:04:26,648 - src.features.engineer - INFO - info:70 - ENTRY: 2024-02-05 09:45:00+05:30 @ 1456.70 (confidence: 0.858)
2025-10-03 21:04:26,649 - src.features.engineer - INFO - info:70 - ENTRY: 2024-02-05 10:10:00+05:30 @ 1464.00 (confidence: 0.799)
2025-10-03 21:04:26,649 - src.features.engineer - INFO - info:70 - ENTRY: 2024-02-05 10:20:00+05:30 @ 1457.20 (confidence: 0.861)
2025-10-03 21:04:26,650 - src.features.engineer - INFO - info:70 - ENTRY: 2024-02-05 10:35:00+05:30 @ 1455.00 (confidence: 0.563)
2025-10-03 21:04:26,652 - src.features.engineer - INFO - info:70 - ENTRY: 2024-02-05 11:15:00+05:30 @ 1460.00 (confidence: 0.689)
2025-10-03 21:04:26,655 - src.features.engineer - INFO - info:70 - ENTRY: 2024-02-05 13:00:00+05:30 @ 1465.35 (confidence: 0.658)
2025-10-03 21:04:26,657 - src.features.engineer - INFO - info:70 - ENTRY: 2024-02-05 14:00:00+05:30 @ 1460.60 (confidence: 0.696)
2025-10-03 21:04:26,660 - src.features.engineer - INFO - info:70 - ENTRY: 2024-02-06 09:15:00+05:30 @ 1431.10 (confidence: 0.959)
2025-10-03 21:04:26,663 - src.features.engineer - INFO - info:70 - ENTRY: 2024-02-06 09:50:00+05:30 @ 1428.60 (confidence: 0.770)
2025-10-03 21:04:26,664 - src.features.engineer - INFO - info:70 - ENTRY: 2024-02-06 10:15:00+05:30 @ 1436.15 (confidence: 0.850)
2025-10-03 21:04:26,665 - src.features.engineer - INFO - info:70 - ENTRY: 2024-02-06 10:35:00+05:30 @ 1423.00 (confidence: 0.816)
2025-10-03 21:04:26,665 - src.features.engineer - INFO - info:70 - ENTRY: 2024-02-06 11:00:00+05:30 @ 1430.10 (confidence: 0.866)
2025-10-03 21:04:26,666 - src.features.engineer - INFO - info:70 - ENTRY: 2024-02-06 11:15:00+05:30 @ 1427.30 (confidence: 0.576)
2025-10-03 21:04:26,667 - src.features.engineer - INFO - info:70 - ENTRY: 2024-02-06 12:05:00+05:30 @ 1435.60 (confidence: 0.708)
2025-10-03 21:04:26,670 - src.features.engineer - INFO - info:70 - ENTRY: 2024-02-06 12:40:00+05:30 @ 1431.10 (confidence: 0.638)
2025-10-03 21:04:26,673 - src.features.engineer - INFO - info:70 - ENTRY: 2024-02-07 09:15:00+05:30 @ 1436.50 (confidence: 0.976)
2025-10-03 21:04:26,674 - src.features.engineer - INFO - info:70 - ENTRY: 2024-02-07 10:15:00+05:30 @ 1446.50 (confidence: 0.955)
2025-10-03 21:04:26,675 - src.features.engineer - INFO - info:70 - ENTRY: 2024-02-07 10:40:00+05:30 @ 1439.10 (confidence: 0.845)
2025-10-03 21:04:26,676 - src.features.engineer - INFO - info:70 - ENTRY: 2024-02-07 11:05:00+05:30 @ 1433.25 (confidence: 0.789)
2025-10-03 21:04:26,682 - src.features.engineer - INFO - info:70 - ENTRY: 2024-02-07 12:50:00+05:30 @ 1430.30 (confidence: 0.789)
2025-10-03 21:04:26,687 - src.features.engineer - INFO - info:70 - ENTRY: 2024-02-07 14:05:00+05:30 @ 1440.00 (confidence: 0.817)
2025-10-03 21:04:26,689 - src.features.engineer - INFO - info:70 - ENTRY: 2024-02-08 09:15:00+05:30 @ 1443.90 (confidence: 0.925)
2025-10-03 21:04:26,691 - src.features.engineer - INFO - info:70 - ENTRY: 2024-02-08 10:10:00+05:30 @ 1439.55 (confidence: 0.763)
2025-10-03 21:04:26,691 - src.features.engineer - INFO - info:70 - ENTRY: 2024-02-08 10:20:00+05:30 @ 1438.25 (confidence: 0.577)
2025-10-03 21:04:26,696 - src.features.engineer - INFO - info:70 - ENTRY: 2024-02-08 11:05:00+05:30 @ 1430.90 (confidence: 0.896)
2025-10-03 21:04:26,697 - src.features.engineer - INFO - info:70 - ENTRY: 2024-02-08 11:30:00+05:30 @ 1436.65 (confidence: 0.900)
2025-10-03 21:04:26,699 - src.features.engineer - INFO - info:70 - ENTRY: 2024-02-08 13:15:00+05:30 @ 1439.75 (confidence: 0.731)
2025-10-03 21:04:26,704 - src.features.engineer - INFO - info:70 - ENTRY: 2024-02-09 09:15:00+05:30 @ 1461.40 (confidence: 0.982)
2025-10-03 21:04:26,706 - src.features.engineer - INFO - info:70 - ENTRY: 2024-02-09 09:25:00+05:30 @ 1471.60 (confidence: 0.973)
2025-10-03 21:04:26,706 - src.features.engineer - INFO - info:70 - ENTRY: 2024-02-09 09:35:00+05:30 @ 1464.00 (confidence: 0.868)
2025-10-03 21:04:26,706 - src.features.engineer - INFO - info:70 - ENTRY: 2024-02-09 09:55:00+05:30 @ 1463.10 (confidence: 0.804)
2025-10-03 21:04:26,707 - src.features.engineer - INFO - info:70 - ENTRY: 2024-02-09 10:50:00+05:30 @ 1455.75 (confidence: 0.827)
2025-10-03 21:04:26,708 - src.features.engineer - INFO - info:70 - ENTRY: 2024-02-09 11:00:00+05:30 @ 1455.40 (confidence: 0.744)
2025-10-03 21:04:26,708 - src.features.engineer - INFO - info:70 - ENTRY: 2024-02-09 11:15:00+05:30 @ 1462.20 (confidence: 0.924)
2025-10-03 21:04:26,709 - src.features.engineer - INFO - info:70 - ENTRY: 2024-02-09 11:25:00+05:30 @ 1461.05 (confidence: 0.856)
2025-10-03 21:04:26,712 - src.features.engineer - INFO - info:70 - ENTRY: 2024-02-09 12:50:00+05:30 @ 1465.20 (confidence: 0.726)
2025-10-03 21:04:26,713 - src.features.engineer - INFO - info:70 - ENTRY: 2024-02-09 13:40:00+05:30 @ 1464.30 (confidence: 0.848)
2025-10-03 21:04:26,715 - src.features.engineer - INFO - info:70 - ENTRY: 2024-02-12 09:15:00+05:30 @ 1457.40 (confidence: 0.902)
2025-10-03 21:04:26,715 - src.features.engineer - INFO - info:70 - ENTRY: 2024-02-12 09:25:00+05:30 @ 1452.00 (confidence: 0.859)
2025-10-03 21:04:26,716 - src.features.engineer - INFO - info:70 - ENTRY: 2024-02-12 09:35:00+05:30 @ 1446.00 (confidence: 0.797)
2025-10-03 21:04:26,720 - src.features.engineer - INFO - info:70 - ENTRY: 2024-02-12 11:35:00+05:30 @ 1449.40 (confidence: 0.617)
2025-10-03 21:04:26,722 - src.features.engineer - INFO - info:70 - ENTRY: 2024-02-12 12:05:00+05:30 @ 1445.30 (confidence: 0.650)
2025-10-03 21:04:26,725 - src.features.engineer - INFO - info:70 - ENTRY: 2024-02-12 13:30:00+05:30 @ 1452.95 (confidence: 0.755)
2025-10-03 21:04:26,728 - src.features.engineer - INFO - info:70 - ENTRY: 2024-02-12 14:20:00+05:30 @ 1455.70 (confidence: 0.760)
2025-10-03 21:04:26,730 - src.features.engineer - INFO - info:70 - ENTRY: 2024-02-13 09:15:00+05:30 @ 1463.00 (confidence: 0.974)
2025-10-03 21:04:26,731 - src.features.engineer - INFO - info:70 - ENTRY: 2024-02-13 09:25:00+05:30 @ 1457.35 (confidence: 0.914)
2025-10-03 21:04:26,732 - src.features.engineer - INFO - info:70 - ENTRY: 2024-02-13 10:10:00+05:30 @ 1461.60 (confidence: 0.647)
2025-10-03 21:04:26,733 - src.features.engineer - INFO - info:70 - ENTRY: 2024-02-13 11:10:00+05:30 @ 1477.00 (confidence: 0.978)
2025-10-03 21:04:26,735 - src.features.engineer - INFO - info:70 - ENTRY: 2024-02-13 11:30:00+05:30 @ 1473.90 (confidence: 0.795)
2025-10-03 21:04:26,738 - src.features.engineer - INFO - info:70 - ENTRY: 2024-02-13 12:40:00+05:30 @ 1470.90 (confidence: 0.677)
2025-10-03 21:04:26,740 - src.features.engineer - INFO - info:70 - ENTRY: 2024-02-13 13:50:00+05:30 @ 1468.20 (confidence: 0.584)
2025-10-03 21:04:26,741 - src.features.engineer - INFO - info:70 - ENTRY: 2024-02-13 14:15:00+05:30 @ 1462.60 (confidence: 0.794)
2025-10-03 21:04:26,747 - src.features.engineer - INFO - info:70 - ENTRY: 2024-02-14 09:15:00+05:30 @ 1468.60 (confidence: 0.972)
2025-10-03 21:04:26,748 - src.features.engineer - INFO - info:70 - ENTRY: 2024-02-14 09:25:00+05:30 @ 1466.75 (confidence: 0.874)
2025-10-03 21:04:26,751 - src.features.engineer - INFO - info:70 - ENTRY: 2024-02-14 10:10:00+05:30 @ 1464.00 (confidence: 0.602)
2025-10-03 21:04:26,759 - src.features.engineer - INFO - info:70 - ENTRY: 2024-02-14 12:25:00+05:30 @ 1467.75 (confidence: 0.766)
2025-10-03 21:04:26,762 - src.features.engineer - INFO - info:70 - ENTRY: 2024-02-14 14:00:00+05:30 @ 1475.00 (confidence: 0.734)
2025-10-03 21:04:26,766 - src.features.engineer - INFO - info:70 - ENTRY: 2024-02-15 09:15:00+05:30 @ 1478.40 (confidence: 0.939)
2025-10-03 21:04:26,767 - src.features.engineer - INFO - info:70 - ENTRY: 2024-02-15 09:35:00+05:30 @ 1473.80 (confidence: 0.891)
2025-10-03 21:04:26,771 - src.features.engineer - INFO - info:70 - ENTRY: 2024-02-15 11:25:00+05:30 @ 1474.90 (confidence: 0.602)
2025-10-03 21:04:26,772 - src.features.engineer - INFO - info:70 - ENTRY: 2024-02-15 11:45:00+05:30 @ 1471.10 (confidence: 0.588)
2025-10-03 21:04:26,774 - src.features.engineer - INFO - info:70 - ENTRY: 2024-02-15 13:30:00+05:30 @ 1469.10 (confidence: 0.593)
2025-10-03 21:04:26,775 - src.features.engineer - INFO - info:70 - ENTRY: 2024-02-15 13:55:00+05:30 @ 1477.20 (confidence: 0.776)
2025-10-03 21:04:26,776 - src.features.engineer - INFO - info:70 - ENTRY: 2024-02-15 14:15:00+05:30 @ 1471.50 (confidence: 0.764)
2025-10-03 21:04:26,778 - src.features.engineer - INFO - info:70 - ENTRY: 2024-02-16 09:15:00+05:30 @ 1469.10 (confidence: 0.979)
2025-10-03 21:04:26,780 - src.features.engineer - INFO - info:70 - ENTRY: 2024-02-16 11:05:00+05:30 @ 1472.40 (confidence: 0.645)
2025-10-03 21:04:26,781 - src.features.engineer - INFO - info:70 - ENTRY: 2024-02-16 11:35:00+05:30 @ 1466.70 (confidence: 0.602)
2025-10-03 21:04:26,782 - src.features.engineer - INFO - info:70 - ENTRY: 2024-02-16 12:30:00+05:30 @ 1464.70 (confidence: 0.595)
2025-10-03 21:04:26,786 - src.features.engineer - INFO - info:70 - ENTRY: 2024-02-16 14:15:00+05:30 @ 1460.80 (confidence: 0.720)
2025-10-03 21:04:26,789 - src.features.engineer - INFO - info:70 - ENTRY: 2024-02-19 09:15:00+05:30 @ 1462.50 (confidence: 0.891)
2025-10-03 21:04:26,790 - src.features.engineer - INFO - info:70 - ENTRY: 2024-02-19 09:55:00+05:30 @ 1457.10 (confidence: 0.793)
2025-10-03 21:04:26,792 - src.features.engineer - INFO - info:70 - ENTRY: 2024-02-19 11:20:00+05:30 @ 1462.65 (confidence: 0.850)
2025-10-03 21:04:26,797 - src.features.engineer - INFO - info:70 - ENTRY: 2024-02-19 12:40:00+05:30 @ 1462.00 (confidence: 0.696)
2025-10-03 21:04:26,799 - src.features.engineer - INFO - info:70 - ENTRY: 2024-02-19 13:45:00+05:30 @ 1471.25 (confidence: 0.724)
2025-10-03 21:04:26,801 - src.features.engineer - INFO - info:70 - ENTRY: 2024-02-19 14:25:00+05:30 @ 1478.05 (confidence: 0.602)
2025-10-03 21:04:26,805 - src.features.engineer - INFO - info:70 - ENTRY: 2024-02-20 09:15:00+05:30 @ 1467.35 (confidence: 0.964)
2025-10-03 21:04:26,807 - src.features.engineer - INFO - info:70 - ENTRY: 2024-02-20 10:50:00+05:30 @ 1464.35 (confidence: 0.673)
2025-10-03 21:04:26,809 - src.features.engineer - INFO - info:70 - ENTRY: 2024-02-20 12:05:00+05:30 @ 1470.90 (confidence: 0.606)
2025-10-03 21:04:26,812 - src.features.engineer - INFO - info:70 - ENTRY: 2024-02-20 12:55:00+05:30 @ 1465.25 (confidence: 0.608)
2025-10-03 21:04:26,816 - src.features.engineer - INFO - info:70 - ENTRY: 2024-02-21 09:15:00+05:30 @ 1473.00 (confidence: 0.877)
2025-10-03 21:04:26,822 - src.features.engineer - INFO - info:70 - ENTRY: 2024-02-21 11:00:00+05:30 @ 1485.00 (confidence: 0.961)
2025-10-03 21:04:26,823 - src.features.engineer - INFO - info:70 - ENTRY: 2024-02-21 11:35:00+05:30 @ 1480.60 (confidence: 0.559)
2025-10-03 21:04:26,825 - src.features.engineer - INFO - info:70 - ENTRY: 2024-02-21 12:45:00+05:30 @ 1479.35 (confidence: 0.766)
2025-10-03 21:04:26,829 - src.features.engineer - INFO - info:70 - ENTRY: 2024-02-21 13:50:00+05:30 @ 1475.65 (confidence: 0.557)
2025-10-03 21:04:26,830 - src.features.engineer - INFO - info:70 - ENTRY: 2024-02-21 14:15:00+05:30 @ 1472.95 (confidence: 0.612)
2025-10-03 21:04:26,830 - src.features.engineer - INFO - info:70 - ENTRY: 2024-02-21 14:25:00+05:30 @ 1466.75 (confidence: 0.820)
2025-10-03 21:04:26,831 - src.features.engineer - INFO - info:70 - ENTRY: 2024-02-22 09:15:00+05:30 @ 1459.50 (confidence: 0.971)
2025-10-03 21:04:26,832 - src.features.engineer - INFO - info:70 - ENTRY: 2024-02-22 09:45:00+05:30 @ 1467.45 (confidence: 0.906)
2025-10-03 21:04:26,832 - src.features.engineer - INFO - info:70 - ENTRY: 2024-02-22 10:05:00+05:30 @ 1465.65 (confidence: 0.551)
2025-10-03 21:04:26,833 - src.features.engineer - INFO - info:70 - ENTRY: 2024-02-22 10:25:00+05:30 @ 1463.60 (confidence: 0.765)
2025-10-03 21:04:26,837 - src.features.engineer - INFO - info:70 - ENTRY: 2024-02-22 10:40:00+05:30 @ 1469.25 (confidence: 0.840)
2025-10-03 21:04:26,838 - src.features.engineer - INFO - info:70 - ENTRY: 2024-02-22 11:25:00+05:30 @ 1463.70 (confidence: 0.694)
2025-10-03 21:04:26,840 - src.features.engineer - INFO - info:70 - ENTRY: 2024-02-22 12:20:00+05:30 @ 1469.80 (confidence: 0.696)
2025-10-03 21:04:26,841 - src.features.engineer - INFO - info:70 - ENTRY: 2024-02-22 12:50:00+05:30 @ 1464.55 (confidence: 0.695)
2025-10-03 21:04:26,844 - src.features.engineer - INFO - info:70 - ENTRY: 2024-02-22 14:00:00+05:30 @ 1472.80 (confidence: 0.912)
2025-10-03 21:04:26,847 - src.features.engineer - INFO - info:70 - ENTRY: 2024-02-23 09:15:00+05:30 @ 1489.15 (confidence: 0.908)
2025-10-03 21:04:26,849 - src.features.engineer - INFO - info:70 - ENTRY: 2024-02-23 11:05:00+05:30 @ 1486.05 (confidence: 0.575)
2025-10-03 21:04:26,854 - src.features.engineer - INFO - info:70 - ENTRY: 2024-02-23 13:10:00+05:30 @ 1492.20 (confidence: 0.726)
2025-10-03 21:04:26,858 - src.features.engineer - INFO - info:70 - ENTRY: 2024-02-26 09:15:00+05:30 @ 1492.80 (confidence: 0.962)
2025-10-03 21:04:26,859 - src.features.engineer - INFO - info:70 - ENTRY: 2024-02-26 09:30:00+05:30 @ 1488.55 (confidence: 0.843)
2025-10-03 21:04:26,862 - src.features.engineer - INFO - info:70 - ENTRY: 2024-02-26 10:50:00+05:30 @ 1484.00 (confidence: 0.550)
2025-10-03 21:04:26,864 - src.features.engineer - INFO - info:70 - ENTRY: 2024-02-26 12:40:00+05:30 @ 1486.00 (confidence: 0.569)
2025-10-03 21:04:26,868 - src.features.engineer - INFO - info:70 - ENTRY: 2024-02-27 09:15:00+05:30 @ 1478.95 (confidence: 0.948)
2025-10-03 21:04:26,871 - src.features.engineer - INFO - info:70 - ENTRY: 2024-02-27 09:25:00+05:30 @ 1483.70 (confidence: 0.755)
2025-10-03 21:04:26,872 - src.features.engineer - INFO - info:70 - ENTRY: 2024-02-27 10:30:00+05:30 @ 1481.50 (confidence: 0.732)
2025-10-03 21:04:26,873 - src.features.engineer - INFO - info:70 - ENTRY: 2024-02-27 12:00:00+05:30 @ 1484.70 (confidence: 0.628)
2025-10-03 21:04:26,875 - src.features.engineer - INFO - info:70 - ENTRY: 2024-02-27 12:45:00+05:30 @ 1493.30 (confidence: 0.700)
2025-10-03 21:04:26,879 - src.features.engineer - INFO - info:70 - ENTRY: 2024-02-27 14:00:00+05:30 @ 1490.10 (confidence: 0.671)
2025-10-03 21:04:26,880 - src.features.engineer - INFO - info:70 - ENTRY: 2024-02-27 14:25:00+05:30 @ 1482.40 (confidence: 0.691)
2025-10-03 21:04:26,883 - src.features.engineer - INFO - info:70 - ENTRY: 2024-02-28 09:15:00+05:30 @ 1489.50 (confidence: 0.925)
2025-10-03 21:04:26,888 - src.features.engineer - INFO - info:70 - ENTRY: 2024-02-28 10:10:00+05:30 @ 1485.20 (confidence: 0.705)
2025-10-03 21:04:26,889 - src.features.engineer - INFO - info:70 - ENTRY: 2024-02-28 10:50:00+05:30 @ 1476.80 (confidence: 0.684)
2025-10-03 21:04:26,890 - src.features.engineer - INFO - info:70 - ENTRY: 2024-02-28 11:05:00+05:30 @ 1462.00 (confidence: 0.822)
2025-10-03 21:04:26,892 - src.features.engineer - INFO - info:70 - ENTRY: 2024-02-28 12:55:00+05:30 @ 1455.80 (confidence: 0.853)
2025-10-03 21:04:26,896 - src.features.engineer - INFO - info:70 - ENTRY: 2024-02-28 13:35:00+05:30 @ 1462.00 (confidence: 0.777)
2025-10-03 21:04:26,899 - src.features.engineer - INFO - info:70 - ENTRY: 2024-02-29 09:15:00+05:30 @ 1476.10 (confidence: 0.980)
2025-10-03 21:04:26,899 - src.features.engineer - INFO - info:70 - ENTRY: 2024-02-29 09:25:00+05:30 @ 1473.50 (confidence: 0.898)
2025-10-03 21:04:26,901 - src.features.engineer - INFO - info:70 - ENTRY: 2024-02-29 09:45:00+05:30 @ 1468.90 (confidence: 0.809)
2025-10-03 21:04:26,903 - src.features.engineer - INFO - info:70 - ENTRY: 2024-02-29 10:10:00+05:30 @ 1470.20 (confidence: 0.887)
2025-10-03 21:04:26,905 - src.features.engineer - INFO - info:70 - ENTRY: 2024-02-29 11:15:00+05:30 @ 1469.90 (confidence: 0.715)
2025-10-03 21:04:26,906 - src.features.engineer - INFO - info:70 - ENTRY: 2024-02-29 11:40:00+05:30 @ 1463.15 (confidence: 0.690)
2025-10-03 21:04:26,907 - src.features.engineer - INFO - info:70 - ENTRY: 2024-02-29 12:30:00+05:30 @ 1460.80 (confidence: 0.644)
2025-10-03 21:04:26,910 - src.features.engineer - INFO - info:70 - ENTRY: 2024-02-29 14:10:00+05:30 @ 1459.25 (confidence: 0.727)
2025-10-03 21:04:26,914 - src.features.engineer - INFO - info:70 - ENTRY: 2024-03-01 09:15:00+05:30 @ 1462.50 (confidence: 0.794)
2025-10-03 21:04:26,915 - src.features.engineer - INFO - info:70 - ENTRY: 2024-03-01 09:55:00+05:30 @ 1469.10 (confidence: 0.825)
2025-10-03 21:04:26,916 - src.features.engineer - INFO - info:70 - ENTRY: 2024-03-01 10:35:00+05:30 @ 1476.00 (confidence: 0.617)
2025-10-03 21:04:26,920 - src.features.engineer - INFO - info:70 - ENTRY: 2024-03-01 11:45:00+05:30 @ 1482.00 (confidence: 0.559)
2025-10-03 21:04:26,923 - src.features.engineer - INFO - info:70 - ENTRY: 2024-03-01 13:50:00+05:30 @ 1486.70 (confidence: 0.669)
2025-10-03 21:04:26,929 - src.features.engineer - INFO - info:70 - ENTRY: 2024-03-02 09:15:00+05:30 @ 1489.00 (confidence: 0.823)
2025-10-03 21:04:26,929 - src.features.engineer - INFO - info:70 - ENTRY: 2024-03-02 09:30:00+05:30 @ 1497.40 (confidence: 0.932)
2025-10-03 21:04:26,931 - src.features.engineer - INFO - info:70 - ENTRY: 2024-03-02 12:10:00+05:30 @ 1490.70 (confidence: 0.675)
2025-10-03 21:04:26,933 - src.features.engineer - INFO - info:70 - ENTRY: 2024-03-04 10:40:00+05:30 @ 1496.00 (confidence: 0.635)
2025-10-03 21:04:26,934 - src.features.engineer - INFO - info:70 - ENTRY: 2024-03-04 11:20:00+05:30 @ 1499.20 (confidence: 0.849)
2025-10-03 21:04:26,937 - src.features.engineer - INFO - info:70 - ENTRY: 2024-03-04 12:50:00+05:30 @ 1499.60 (confidence: 0.656)
2025-10-03 21:04:26,939 - src.features.engineer - INFO - info:70 - ENTRY: 2024-03-04 14:10:00+05:30 @ 1509.05 (confidence: 0.750)
2025-10-03 21:04:26,941 - src.features.engineer - INFO - info:70 - ENTRY: 2024-03-05 09:15:00+05:30 @ 1498.70 (confidence: 0.928)
2025-10-03 21:04:26,943 - src.features.engineer - INFO - info:70 - ENTRY: 2024-03-05 09:55:00+05:30 @ 1494.50 (confidence: 0.848)
2025-10-03 21:04:26,947 - src.features.engineer - INFO - info:70 - ENTRY: 2024-03-05 10:30:00+05:30 @ 1487.00 (confidence: 0.629)
2025-10-03 21:04:26,949 - src.features.engineer - INFO - info:70 - ENTRY: 2024-03-05 11:00:00+05:30 @ 1494.35 (confidence: 0.554)
2025-10-03 21:04:26,951 - src.features.engineer - INFO - info:70 - ENTRY: 2024-03-05 11:50:00+05:30 @ 1494.50 (confidence: 0.614)
2025-10-03 21:04:26,956 - src.features.engineer - INFO - info:70 - ENTRY: 2024-03-05 13:30:00+05:30 @ 1500.00 (confidence: 0.559)
2025-10-03 21:04:26,957 - src.features.engineer - INFO - info:70 - ENTRY: 2024-03-05 14:20:00+05:30 @ 1498.65 (confidence: 0.690)
2025-10-03 21:04:26,962 - src.features.engineer - INFO - info:70 - ENTRY: 2024-03-06 09:15:00+05:30 @ 1507.20 (confidence: 0.979)
2025-10-03 21:04:26,962 - src.features.engineer - INFO - info:70 - ENTRY: 2024-03-06 09:30:00+05:30 @ 1502.60 (confidence: 0.874)
2025-10-03 21:04:26,963 - src.features.engineer - INFO - info:70 - ENTRY: 2024-03-06 09:45:00+05:30 @ 1499.70 (confidence: 0.790)
2025-10-03 21:04:26,964 - src.features.engineer - INFO - info:70 - ENTRY: 2024-03-06 10:05:00+05:30 @ 1496.90 (confidence: 0.716)
2025-10-03 21:04:26,964 - src.features.engineer - INFO - info:70 - ENTRY: 2024-03-06 10:30:00+05:30 @ 1493.75 (confidence: 0.627)
2025-10-03 21:04:26,965 - src.features.engineer - INFO - info:70 - ENTRY: 2024-03-06 11:15:00+05:30 @ 1488.10 (confidence: 0.622)
2025-10-03 21:04:26,966 - src.features.engineer - INFO - info:70 - ENTRY: 2024-03-06 11:40:00+05:30 @ 1484.25 (confidence: 0.595)
2025-10-03 21:04:26,967 - src.features.engineer - INFO - info:70 - ENTRY: 2024-03-06 12:05:00+05:30 @ 1478.55 (confidence: 0.705)
2025-10-03 21:04:26,971 - src.features.engineer - INFO - info:70 - ENTRY: 2024-03-06 13:30:00+05:30 @ 1485.00 (confidence: 0.631)
2025-10-03 21:04:26,971 - src.features.engineer - INFO - info:70 - ENTRY: 2024-03-06 13:55:00+05:30 @ 1495.70 (confidence: 0.781)
2025-10-03 21:04:26,974 - src.features.engineer - INFO - info:70 - ENTRY: 2024-03-07 09:15:00+05:30 @ 1498.65 (confidence: 0.921)
2025-10-03 21:04:26,975 - src.features.engineer - INFO - info:70 - ENTRY: 2024-03-07 09:45:00+05:30 @ 1493.90 (confidence: 0.821)
2025-10-03 21:04:26,977 - src.features.engineer - INFO - info:70 - ENTRY: 2024-03-07 10:35:00+05:30 @ 1490.00 (confidence: 0.567)
2025-10-03 21:04:26,979 - src.features.engineer - INFO - info:70 - ENTRY: 2024-03-07 10:45:00+05:30 @ 1489.70 (confidence: 0.641)
2025-10-03 21:04:26,981 - src.features.engineer - INFO - info:70 - ENTRY: 2024-03-07 12:35:00+05:30 @ 1488.30 (confidence: 0.607)
2025-10-03 21:04:26,982 - src.features.engineer - INFO - info:70 - ENTRY: 2024-03-07 14:10:00+05:30 @ 1484.70 (confidence: 0.590)
2025-10-03 21:04:26,985 - src.features.engineer - INFO - info:70 - ENTRY: 2024-03-11 09:15:00+05:30 @ 1483.25 (confidence: 0.966)
2025-10-03 21:04:26,988 - src.features.engineer - INFO - info:70 - ENTRY: 2024-03-11 11:05:00+05:30 @ 1480.20 (confidence: 0.550)
2025-10-03 21:04:26,990 - src.features.engineer - INFO - info:70 - ENTRY: 2024-03-11 12:10:00+05:30 @ 1474.30 (confidence: 0.659)
2025-10-03 21:04:26,996 - src.features.engineer - INFO - info:70 - ENTRY: 2024-03-11 13:55:00+05:30 @ 1475.90 (confidence: 0.734)
2025-10-03 21:04:26,997 - src.features.engineer - INFO - info:70 - ENTRY: 2024-03-11 14:15:00+05:30 @ 1471.35 (confidence: 0.640)
2025-10-03 21:04:26,999 - src.features.engineer - INFO - info:70 - ENTRY: 2024-03-12 09:15:00+05:30 @ 1470.30 (confidence: 0.913)
2025-10-03 21:04:27,001 - src.features.engineer - INFO - info:70 - ENTRY: 2024-03-12 09:40:00+05:30 @ 1483.40 (confidence: 0.931)
2025-10-03 21:04:27,003 - src.features.engineer - INFO - info:70 - ENTRY: 2024-03-12 10:40:00+05:30 @ 1479.95 (confidence: 0.767)
2025-10-03 21:04:27,005 - src.features.engineer - INFO - info:70 - ENTRY: 2024-03-12 12:10:00+05:30 @ 1480.55 (confidence: 0.695)
2025-10-03 21:04:27,008 - src.features.engineer - INFO - info:70 - ENTRY: 2024-03-12 14:05:00+05:30 @ 1479.40 (confidence: 0.635)
2025-10-03 21:04:27,012 - src.features.engineer - INFO - info:70 - ENTRY: 2024-03-13 09:15:00+05:30 @ 1478.75 (confidence: 0.972)
2025-10-03 21:04:27,012 - src.features.engineer - INFO - info:70 - ENTRY: 2024-03-13 09:30:00+05:30 @ 1472.85 (confidence: 0.924)
2025-10-03 21:04:27,015 - src.features.engineer - INFO - info:70 - ENTRY: 2024-03-13 09:50:00+05:30 @ 1472.80 (confidence: 0.689)
2025-10-03 21:04:27,015 - src.features.engineer - INFO - info:70 - ENTRY: 2024-03-13 10:25:00+05:30 @ 1469.25 (confidence: 0.588)
2025-10-03 21:04:27,019 - src.features.engineer - INFO - info:70 - ENTRY: 2024-03-13 11:30:00+05:30 @ 1461.00 (confidence: 0.856)
2025-10-03 21:04:27,020 - src.features.engineer - INFO - info:70 - ENTRY: 2024-03-13 11:45:00+05:30 @ 1455.00 (confidence: 0.815)
2025-10-03 21:04:27,021 - src.features.engineer - INFO - info:70 - ENTRY: 2024-03-13 12:25:00+05:30 @ 1450.00 (confidence: 0.626)
2025-10-03 21:04:27,023 - src.features.engineer - INFO - info:70 - ENTRY: 2024-03-13 14:10:00+05:30 @ 1444.60 (confidence: 0.780)
2025-10-03 21:04:27,023 - src.features.engineer - INFO - info:70 - ENTRY: 2024-03-13 14:20:00+05:30 @ 1440.10 (confidence: 0.708)
2025-10-03 21:04:27,026 - src.features.engineer - INFO - info:70 - ENTRY: 2024-03-14 09:15:00+05:30 @ 1440.35 (confidence: 0.978)
2025-10-03 21:04:27,028 - src.features.engineer - INFO - info:70 - ENTRY: 2024-03-14 09:25:00+05:30 @ 1444.60 (confidence: 0.909)
2025-10-03 21:04:27,029 - src.features.engineer - INFO - info:70 - ENTRY: 2024-03-14 09:40:00+05:30 @ 1438.60 (confidence: 0.845)
2025-10-03 21:04:27,031 - src.features.engineer - INFO - info:70 - ENTRY: 2024-03-14 11:20:00+05:30 @ 1427.05 (confidence: 0.761)
2025-10-03 21:04:27,031 - src.features.engineer - INFO - info:70 - ENTRY: 2024-03-14 11:35:00+05:30 @ 1437.80 (confidence: 0.876)
2025-10-03 21:04:27,036 - src.features.engineer - INFO - info:70 - ENTRY: 2024-03-14 13:30:00+05:30 @ 1436.70 (confidence: 0.665)
2025-10-03 21:04:27,039 - src.features.engineer - INFO - info:70 - ENTRY: 2024-03-14 14:10:00+05:30 @ 1431.70 (confidence: 0.581)
2025-10-03 21:04:27,041 - src.features.engineer - INFO - info:70 - ENTRY: 2024-03-15 09:15:00+05:30 @ 1426.95 (confidence: 0.891)
2025-10-03 21:04:27,045 - src.features.engineer - INFO - info:70 - ENTRY: 2024-03-15 10:15:00+05:30 @ 1425.85 (confidence: 0.673)
2025-10-03 21:04:27,047 - src.features.engineer - INFO - info:70 - ENTRY: 2024-03-15 11:55:00+05:30 @ 1420.50 (confidence: 0.769)
2025-10-03 21:04:27,049 - src.features.engineer - INFO - info:70 - ENTRY: 2024-03-15 13:40:00+05:30 @ 1421.75 (confidence: 0.729)
2025-10-03 21:04:27,050 - src.features.engineer - INFO - info:70 - ENTRY: 2024-03-15 14:20:00+05:30 @ 1417.55 (confidence: 0.848)
2025-10-03 21:04:27,055 - src.features.engineer - INFO - info:70 - ENTRY: 2024-03-18 09:15:00+05:30 @ 1424.70 (confidence: 0.954)
2025-10-03 21:04:27,055 - src.features.engineer - INFO - info:70 - ENTRY: 2024-03-18 09:35:00+05:30 @ 1419.80 (confidence: 0.802)
2025-10-03 21:04:27,056 - src.features.engineer - INFO - info:70 - ENTRY: 2024-03-18 10:20:00+05:30 @ 1428.70 (confidence: 0.755)
2025-10-03 21:04:27,057 - src.features.engineer - INFO - info:70 - ENTRY: 2024-03-18 10:45:00+05:30 @ 1426.80 (confidence: 0.639)
2025-10-03 21:04:27,057 - src.features.engineer - INFO - info:70 - ENTRY: 2024-03-18 11:15:00+05:30 @ 1423.40 (confidence: 0.716)
2025-10-03 21:04:27,060 - src.features.engineer - INFO - info:70 - ENTRY: 2024-03-18 12:15:00+05:30 @ 1423.90 (confidence: 0.693)
2025-10-03 21:04:27,063 - src.features.engineer - INFO - info:70 - ENTRY: 2024-03-18 14:05:00+05:30 @ 1434.00 (confidence: 0.911)
2025-10-03 21:04:27,065 - src.features.engineer - INFO - info:70 - ENTRY: 2024-03-19 09:15:00+05:30 @ 1428.10 (confidence: 0.977)
2025-10-03 21:04:27,065 - src.features.engineer - INFO - info:70 - ENTRY: 2024-03-19 09:25:00+05:30 @ 1424.45 (confidence: 0.722)
2025-10-03 21:04:27,069 - src.features.engineer - INFO - info:70 - ENTRY: 2024-03-19 10:05:00+05:30 @ 1422.05 (confidence: 0.596)
2025-10-03 21:04:27,071 - src.features.engineer - INFO - info:70 - ENTRY: 2024-03-19 12:10:00+05:30 @ 1419.40 (confidence: 0.614)
2025-10-03 21:04:27,074 - src.features.engineer - INFO - info:70 - ENTRY: 2024-03-19 13:40:00+05:30 @ 1427.50 (confidence: 0.551)
2025-10-03 21:04:27,075 - src.features.engineer - INFO - info:70 - ENTRY: 2024-03-19 14:05:00+05:30 @ 1424.00 (confidence: 0.644)
2025-10-03 21:04:27,079 - src.features.engineer - INFO - info:70 - ENTRY: 2024-03-20 09:15:00+05:30 @ 1426.15 (confidence: 0.897)
2025-10-03 21:04:27,081 - src.features.engineer - INFO - info:70 - ENTRY: 2024-03-20 09:45:00+05:30 @ 1434.40 (confidence: 0.814)
2025-10-03 21:04:27,083 - src.features.engineer - INFO - info:70 - ENTRY: 2024-03-20 10:10:00+05:30 @ 1430.50 (confidence: 0.810)
2025-10-03 21:04:27,089 - src.features.engineer - INFO - info:70 - ENTRY: 2024-03-20 11:45:00+05:30 @ 1438.75 (confidence: 0.790)
2025-10-03 21:04:27,091 - src.features.engineer - INFO - info:70 - ENTRY: 2024-03-20 13:45:00+05:30 @ 1442.65 (confidence: 0.659)
2025-10-03 21:04:27,096 - src.features.engineer - INFO - info:70 - ENTRY: 2024-03-21 09:15:00+05:30 @ 1448.80 (confidence: 0.949)
2025-10-03 21:04:27,097 - src.features.engineer - INFO - info:70 - ENTRY: 2024-03-21 10:15:00+05:30 @ 1456.00 (confidence: 0.869)
2025-10-03 21:04:27,099 - src.features.engineer - INFO - info:70 - ENTRY: 2024-03-21 11:50:00+05:30 @ 1450.60 (confidence: 0.614)
2025-10-03 21:04:27,103 - src.features.engineer - INFO - info:70 - ENTRY: 2024-03-21 13:40:00+05:30 @ 1452.50 (confidence: 0.641)
2025-10-03 21:04:27,106 - src.features.engineer - INFO - info:70 - ENTRY: 2024-03-22 09:15:00+05:30 @ 1455.20 (confidence: 0.951)
2025-10-03 21:04:27,106 - src.features.engineer - INFO - info:70 - ENTRY: 2024-03-22 09:35:00+05:30 @ 1450.20 (confidence: 0.899)
2025-10-03 21:04:27,107 - src.features.engineer - INFO - info:70 - ENTRY: 2024-03-22 10:20:00+05:30 @ 1456.30 (confidence: 0.645)
2025-10-03 21:04:27,110 - src.features.engineer - INFO - info:70 - ENTRY: 2024-03-22 12:10:00+05:30 @ 1456.00 (confidence: 0.554)
2025-10-03 21:04:27,112 - src.features.engineer - INFO - info:70 - ENTRY: 2024-03-22 13:25:00+05:30 @ 1452.75 (confidence: 0.595)
2025-10-03 21:04:27,115 - src.features.engineer - INFO - info:70 - ENTRY: 2024-03-26 09:15:00+05:30 @ 1447.30 (confidence: 0.952)
2025-10-03 21:04:27,116 - src.features.engineer - INFO - info:70 - ENTRY: 2024-03-26 09:50:00+05:30 @ 1445.15 (confidence: 0.726)
2025-10-03 21:04:27,121 - src.features.engineer - INFO - info:70 - ENTRY: 2024-03-26 11:45:00+05:30 @ 1442.85 (confidence: 0.585)
2025-10-03 21:04:27,124 - src.features.engineer - INFO - info:70 - ENTRY: 2024-03-26 13:45:00+05:30 @ 1442.95 (confidence: 0.609)
2025-10-03 21:04:27,128 - src.features.engineer - INFO - info:70 - ENTRY: 2024-03-27 09:15:00+05:30 @ 1456.60 (confidence: 0.976)
2025-10-03 21:04:27,129 - src.features.engineer - INFO - info:70 - ENTRY: 2024-03-27 09:25:00+05:30 @ 1468.95 (confidence: 0.946)
2025-10-03 21:04:27,130 - src.features.engineer - INFO - info:70 - ENTRY: 2024-03-27 09:50:00+05:30 @ 1474.00 (confidence: 0.683)
2025-10-03 21:04:27,132 - src.features.engineer - INFO - info:70 - ENTRY: 2024-03-27 11:10:00+05:30 @ 1480.65 (confidence: 0.621)
2025-10-03 21:04:27,132 - src.features.engineer - INFO - info:70 - ENTRY: 2024-03-27 11:45:00+05:30 @ 1491.45 (confidence: 0.888)
2025-10-03 21:04:27,136 - src.features.engineer - INFO - info:70 - ENTRY: 2024-03-27 14:00:00+05:30 @ 1498.30 (confidence: 0.694)
2025-10-03 21:04:27,138 - src.features.engineer - INFO - info:70 - ENTRY: 2024-03-28 09:15:00+05:30 @ 1492.35 (confidence: 0.966)
2025-10-03 21:04:27,139 - src.features.engineer - INFO - info:70 - ENTRY: 2024-03-28 09:50:00+05:30 @ 1503.00 (confidence: 0.767)
2025-10-03 21:04:27,140 - src.features.engineer - INFO - info:70 - ENTRY: 2024-03-28 10:35:00+05:30 @ 1504.00 (confidence: 0.814)
2025-10-03 21:04:27,142 - src.features.engineer - INFO - info:70 - ENTRY: 2024-03-28 11:20:00+05:30 @ 1497.70 (confidence: 0.674)
2025-10-03 21:04:27,148 - src.features.engineer - INFO - info:70 - ENTRY: 2024-03-28 12:20:00+05:30 @ 1495.80 (confidence: 0.658)
2025-10-03 21:04:27,152 - src.features.engineer - INFO - info:70 - ENTRY: 2024-03-28 14:05:00+05:30 @ 1499.20 (confidence: 0.743)
2025-10-03 21:04:27,155 - src.features.engineer - INFO - info:70 - Simulation complete: 400 trades executed
2025-10-03 21:04:27,192 - src.features.engineer - INFO - info:70 - Saved detailed results to backtest_results.csv
